{
  "stats": {
    "suites": 1,
    "tests": 2,
    "passes": 2,
    "pending": 0,
    "failures": 0,
    "start": "2025-09-05T15:05:45.811Z",
    "end": "2025-09-05T15:05:46.936Z",
    "duration": 1125,
    "testsRegistered": 2,
    "passPercent": 100,
    "pendingPercent": 0,
    "other": 0,
    "hasOther": false,
    "skipped": 0,
    "hasSkipped": false
  },
  "results": [
    {
      "uuid": "4d606787-37b0-402b-ba8b-9fa29e06e19a",
      "title": "",
      "fullFile": "cypress/e2e/registration_api.cy.ts",
      "file": "cypress/e2e/registration_api.cy.ts",
      "beforeHooks": [],
      "afterHooks": [],
      "tests": [],
      "suites": [
        {
          "uuid": "6e6fcace-6ef4-4157-abba-181ecb332b70",
          "title": "API - User Registration",
          "fullFile": "",
          "file": "",
          "beforeHooks": [],
          "afterHooks": [],
          "tests": [
            {
              "title": "should register a new user successfully",
              "fullTitle": "API - User Registration should register a new user successfully",
              "timedOut": null,
              "duration": 570,
              "state": "passed",
              "speed": "fast",
              "pass": true,
              "fail": false,
              "pending": false,
              "context": null,
              "code": "cy.request({\n    method: 'POST',\n    url: \"\".concat(Cypress.env('API_URL'), \"/createAccount\"),\n    form: true,\n    body: {\n        name: 'Test User',\n        email: uniqueEmail,\n        password: 'password123',\n        title: 'Mr',\n        birth_date: '01',\n        birth_month: 'January',\n        birth_year: '1990',\n        firstname: 'Test',\n        lastname: 'User',\n        company: 'Test Company',\n        address1: '123 Test Street',\n        address2: 'Apt 4B',\n        country: 'United States',\n        zipcode: '10001',\n        state: 'New York',\n        city: 'New York',\n        mobile_number: '1234567890'\n    }\n}).then(function (response) {\n    expect(response.status).to.eq(200);\n    expect(response.body).to.include('User created!');\n});",
              "err": {},
              "uuid": "6e5224bf-0245-4427-a29d-00f75da6e8e7",
              "parentUUID": "6e6fcace-6ef4-4157-abba-181ecb332b70",
              "isHook": false,
              "skipped": false
            },
            {
              "title": "should not allow registration with an existing email",
              "fullTitle": "API - User Registration should not allow registration with an existing email",
              "timedOut": null,
              "duration": 417,
              "state": "passed",
              "speed": "fast",
              "pass": true,
              "fail": false,
              "pending": false,
              "context": null,
              "code": "cy.request({\n    method: 'POST',\n    url: \"\".concat(Cypress.env('API_URL'), \"/createAccount\"),\n    form: true,\n    failOnStatusCode: false,\n    body: {\n        name: 'Test User',\n        email: uniqueEmail,\n        password: 'password123',\n        title: 'Mr',\n        birth_date: '01',\n        birth_month: 'January',\n        birth_year: '1990',\n        firstname: 'Test',\n        lastname: 'User',\n        company: 'Test Company',\n        address1: '123 Test Street',\n        address2: 'Apt 4B',\n        country: 'United States',\n        zipcode: '10001',\n        state: 'New York',\n        city: 'New York',\n        mobile_number: '1234567890'\n    }\n}).then(function (response) {\n    expect(response.status).to.eq(200);\n    expect(response.body).to.include('Email already exists!');\n});",
              "err": {},
              "uuid": "3d3622a4-a5cb-462b-b657-e4e1c6c4eb67",
              "parentUUID": "6e6fcace-6ef4-4157-abba-181ecb332b70",
              "isHook": false,
              "skipped": false
            }
          ],
          "suites": [],
          "passes": [
            "6e5224bf-0245-4427-a29d-00f75da6e8e7",
            "3d3622a4-a5cb-462b-b657-e4e1c6c4eb67"
          ],
          "failures": [],
          "pending": [],
          "skipped": [],
          "duration": 987,
          "root": false,
          "rootEmpty": false,
          "_timeout": 2000
        }
      ],
      "passes": [],
      "failures": [],
      "pending": [],
      "skipped": [],
      "duration": 0,
      "root": true,
      "rootEmpty": true,
      "_timeout": 2000
    }
  ],
  "meta": {
    "mocha": {
      "version": "7.2.0"
    },
    "mochawesome": {
      "options": {
        "quiet": false,
        "reportFilename": "mochawesome",
        "saveHtml": false,
        "saveJson": true,
        "consoleReporter": "spec",
        "useInlineDiffs": false,
        "code": true
      },
      "version": "7.1.3"
    },
    "marge": {
      "options": {
        "reportDir": "cypress/reports/.jsons",
        "charts": true,
        "reportPageTitle": "Kinetik QA Assessment",
        "embeddedScreenshots": true,
        "inlineAssets": true,
        "overwrite": false,
        "html": false,
        "json": true
      },
      "version": "6.2.0"
    }
  }
}