{
  "stats": {
    "suites": 1,
    "tests": 1,
    "passes": 1,
    "pending": 0,
    "failures": 0,
    "start": "2025-09-08T06:10:56.667Z",
    "end": "2025-09-08T06:11:05.694Z",
    "duration": 9027,
    "testsRegistered": 1,
    "passPercent": 100,
    "pendingPercent": 0,
    "other": 0,
    "hasOther": false,
    "skipped": 0,
    "hasSkipped": false
  },
  "results": [
    {
      "uuid": "23bf4760-2c85-4ff2-883e-1ad1a369bd7d",
      "title": "",
      "fullFile": "cypress/e2e/add_to_cart_from_recommended.cy.ts",
      "file": "cypress/e2e/add_to_cart_from_recommended.cy.ts",
      "beforeHooks": [],
      "afterHooks": [],
      "tests": [],
      "suites": [
        {
          "uuid": "80a2e3d3-1ed8-475c-818f-d955b3f7fb01",
          "title": "Add to cart from Recommended items",
          "fullFile": "",
          "file": "",
          "beforeHooks": [],
          "afterHooks": [],
          "tests": [
            {
              "title": "should add a product to the cart from the recommended items section",
              "fullTitle": "Add to cart from Recommended items should add a product to the cart from the recommended items section",
              "timedOut": null,
              "duration": 8882,
              "state": "passed",
              "speed": "medium",
              "pass": true,
              "fail": false,
              "pending": false,
              "context": "{\n  \"title\": \"cypress-mochawesome-reporter-videos-passed\",\n  \"value\": \"cypress/e2e/add_to_cart_from_recommended.cy.ts\"\n}",
              "code": "cy.visit('http://automationexercise.com');\ncy.scrollTo('bottom');\nHomePage_1.default.getRecommendedItems().should('be.visible');\nHomePage_1.default.getAddToCartFromRecommended().first().click({ force: true });\nProductsPage_1.default.viewCartButton.click();\ncy.get('#cart_info_table').should('be.visible');",
              "err": {},
              "uuid": "d49a7656-5f55-4f23-9985-71c5e4baaf32",
              "parentUUID": "80a2e3d3-1ed8-475c-818f-d955b3f7fb01",
              "isHook": false,
              "skipped": false
            }
          ],
          "suites": [],
          "passes": [
            "d49a7656-5f55-4f23-9985-71c5e4baaf32"
          ],
          "failures": [],
          "pending": [],
          "skipped": [],
          "duration": 8882,
          "root": false,
          "rootEmpty": false,
          "_timeout": 2000
        }
      ],
      "passes": [],
      "failures": [],
      "pending": [],
      "skipped": [],
      "duration": 0,
      "root": true,
      "rootEmpty": true,
      "_timeout": 2000
    }
  ],
  "meta": {
    "mocha": {
      "version": "7.2.0"
    },
    "mochawesome": {
      "options": {
        "quiet": false,
        "reportFilename": "mochawesome",
        "saveHtml": false,
        "saveJson": true,
        "consoleReporter": "spec",
        "useInlineDiffs": false,
        "code": true
      },
      "version": "7.1.3"
    },
    "marge": {
      "options": {
        "reportDir": "cypress/reports/.jsons",
        "charts": true,
        "reportPageTitle": "Kinetik QA Assessment",
        "embeddedScreenshots": true,
        "inlineAssets": true,
        "overwrite": false,
        "html": false,
        "json": true
      },
      "version": "6.2.0"
    }
  }
}