{
  "stats": {
    "suites": 1,
    "tests": 1,
    "passes": 1,
    "pending": 0,
    "failures": 0,
    "start": "2025-09-11T08:33:44.362Z",
    "end": "2025-09-11T08:34:12.566Z",
    "duration": 28204,
    "testsRegistered": 1,
    "passPercent": 100,
    "pendingPercent": 0,
    "other": 0,
    "hasOther": false,
    "skipped": 0,
    "hasSkipped": false
  },
  "results": [
    {
      "uuid": "deec8f97-bd51-4885-8c90-6f3ada5eba0c",
      "title": "",
      "fullFile": "cypress/e2e/z_login.cy.ts",
      "file": "cypress/e2e/z_login.cy.ts",
      "beforeHooks": [],
      "afterHooks": [],
      "tests": [],
      "suites": [
        {
          "uuid": "5266352c-b5b3-466f-88ac-f4efe0a7cc46",
          "title": "Test Case 2: Login User with correct email and password",
          "fullFile": "",
          "file": "",
          "beforeHooks": [],
          "afterHooks": [],
          "tests": [
            {
              "title": "should login with correct credentials",
              "fullTitle": "Test Case 2: Login User with correct email and password should login with correct credentials",
              "timedOut": null,
              "duration": 28061,
              "state": "passed",
              "speed": "slow",
              "pass": true,
              "fail": false,
              "pending": false,
              "context": "{\n  \"title\": \"cypress-mochawesome-reporter-videos-passed\",\n  \"value\": \"cypress/e2e/z_login.cy.ts\"\n}",
              "code": "// 1. Launch browser\n// 2. Navigate to url 'http://automationexercise.com'\ncy.visit('/');\n// 3. Verify that home page is visible successfully\ncy.url().should('eq', 'https://automationexercise.com/');\n// 4. Click on 'Signup / Login' button\nregistrationPage.signupLoginButton.click();\n// 5. Verify 'Login to your account' is visible\nloginPage.loginToYourAccountText.should('be.visible');\n// 6. Enter correct email address and password\nloginPage.login(this.user.email, this.user.password);\n// 7. Click 'login' button is handled by loginPage.login\n// 8. Verify that 'Logged in as username' is visible\nregistrationPage.loggedInAsText.should('be.visible').and('contain', this.user.name);\n// 9. Click 'Delete Account' button\nregistrationPage.deleteAccountButton.click();\n// 10. Verify that 'ACCOUNT DELETED!' is visible\nregistrationPage.accountDeletedText.should('be.visible');",
              "err": {},
              "uuid": "d215df2e-6fe1-4ddf-9a95-0899fc2abb85",
              "parentUUID": "5266352c-b5b3-466f-88ac-f4efe0a7cc46",
              "isHook": false,
              "skipped": false
            }
          ],
          "suites": [],
          "passes": [
            "d215df2e-6fe1-4ddf-9a95-0899fc2abb85"
          ],
          "failures": [],
          "pending": [],
          "skipped": [],
          "duration": 28061,
          "root": false,
          "rootEmpty": false,
          "_timeout": 2000
        }
      ],
      "passes": [],
      "failures": [],
      "pending": [],
      "skipped": [],
      "duration": 0,
      "root": true,
      "rootEmpty": true,
      "_timeout": 2000
    }
  ],
  "meta": {
    "mocha": {
      "version": "7.2.0"
    },
    "mochawesome": {
      "options": {
        "quiet": false,
        "reportFilename": "mochawesome",
        "saveHtml": false,
        "saveJson": true,
        "consoleReporter": "spec",
        "useInlineDiffs": false,
        "code": true
      },
      "version": "7.1.3"
    },
    "marge": {
      "options": {
        "reportDir": "cypress/reports/.jsons",
        "charts": true,
        "reportPageTitle": "Kinetik QA Assessment",
        "embeddedScreenshots": true,
        "inlineAssets": true,
        "saveAllAttempts": true,
        "overwrite": false,
        "html": false,
        "json": true
      },
      "version": "6.2.0"
    }
  }
}