{
  "stats": {
    "suites": 1,
    "tests": 1,
    "passes": 1,
    "pending": 0,
    "failures": 0,
    "start": "2025-09-08T07:39:06.023Z",
    "end": "2025-09-08T07:39:12.149Z",
    "duration": 6126,
    "testsRegistered": 1,
    "passPercent": 100,
    "pendingPercent": 0,
    "other": 0,
    "hasOther": false,
    "skipped": 0,
    "hasSkipped": false
  },
  "results": [
    {
      "uuid": "a219b318-089d-463a-a067-e3e9f82cb976",
      "title": "",
      "fullFile": "cypress/e2e/scroll_up_without_arrow.cy.ts",
      "file": "cypress/e2e/scroll_up_without_arrow.cy.ts",
      "beforeHooks": [],
      "afterHooks": [],
      "tests": [],
      "suites": [
        {
          "uuid": "38286920-baa7-48b9-8152-a83afbf2198d",
          "title": "Test Case 26: Verify Scroll Up without 'Arrow' button and Scroll Down functionality",
          "fullFile": "",
          "file": "",
          "beforeHooks": [],
          "afterHooks": [],
          "tests": [
            {
              "title": "should scroll up and down and verify visibility of elements",
              "fullTitle": "Test Case 26: Verify Scroll Up without 'Arrow' button and Scroll Down functionality should scroll up and down and verify visibility of elements",
              "timedOut": null,
              "duration": 5987,
              "state": "passed",
              "speed": "medium",
              "pass": true,
              "fail": false,
              "pending": false,
              "context": "{\n  \"title\": \"cypress-mochawesome-reporter-videos-passed\",\n  \"value\": \"cypress/e2e/scroll_up_without_arrow.cy.ts\"\n}",
              "code": "// 1. Launch browser\n// 2. Navigate to url 'http://automationexercise.com'\ncy.visit('/');\n// 3. Verify that home page is visible successfully\ncy.url().should('eq', 'https://automationexercise.com/');\n// 4. Scroll down page to bottom\ncy.scrollTo('bottom');\n// 5. Verify 'SUBSCRIPTION' is visible\ncy.contains('Subscription').should('be.visible');\n// 6. Scroll up page to top\ncy.scrollTo('top');\n// 7. Verify that page is scrolled up and 'Full-Fledged practice website for Automation Engineers' text is visible on screen\ncy.contains('Full-Fledged practice website for Automation Engineers').should('be.visible');",
              "err": {},
              "uuid": "5c61d080-3920-4d6d-ab36-1761b56de5fa",
              "parentUUID": "38286920-baa7-48b9-8152-a83afbf2198d",
              "isHook": false,
              "skipped": false
            }
          ],
          "suites": [],
          "passes": [
            "5c61d080-3920-4d6d-ab36-1761b56de5fa"
          ],
          "failures": [],
          "pending": [],
          "skipped": [],
          "duration": 5987,
          "root": false,
          "rootEmpty": false,
          "_timeout": 2000
        }
      ],
      "passes": [],
      "failures": [],
      "pending": [],
      "skipped": [],
      "duration": 0,
      "root": true,
      "rootEmpty": true,
      "_timeout": 2000
    }
  ],
  "meta": {
    "mocha": {
      "version": "7.2.0"
    },
    "mochawesome": {
      "options": {
        "quiet": false,
        "reportFilename": "mochawesome",
        "saveHtml": false,
        "saveJson": true,
        "consoleReporter": "spec",
        "useInlineDiffs": false,
        "code": true
      },
      "version": "7.1.3"
    },
    "marge": {
      "options": {
        "reportDir": "cypress/reports/.jsons",
        "charts": true,
        "reportPageTitle": "Kinetik QA Assessment",
        "embeddedScreenshots": true,
        "inlineAssets": true,
        "overwrite": false,
        "html": false,
        "json": true
      },
      "version": "6.2.0"
    }
  }
}