{
  "stats": {
    "suites": 1,
    "tests": 1,
    "passes": 0,
    "pending": 0,
    "failures": 1,
    "start": "2025-09-05T19:59:17.998Z",
    "end": "2025-09-05T19:59:57.503Z",
    "duration": 39505,
    "testsRegistered": 1,
    "passPercent": 0,
    "pendingPercent": 0,
    "other": 0,
    "hasOther": false,
    "skipped": 0,
    "hasSkipped": false
  },
  "results": [
    {
      "uuid": "9685597d-6d58-4f23-9289-41ce3c77581c",
      "title": "",
      "fullFile": "cypress/e2e/view_category_products.cy.ts",
      "file": "cypress/e2e/view_category_products.cy.ts",
      "beforeHooks": [],
      "afterHooks": [],
      "tests": [],
      "suites": [
        {
          "uuid": "7449acd0-8e50-4c38-919a-662d5909c279",
          "title": "Test Case 18: View Category Products",
          "fullFile": "",
          "file": "",
          "beforeHooks": [],
          "afterHooks": [],
          "tests": [
            {
              "title": "should view category products",
              "fullTitle": "Test Case 18: View Category Products should view category products",
              "timedOut": null,
              "duration": 13154,
              "state": "failed",
              "speed": null,
              "pass": false,
              "fail": true,
              "pending": false,
              "context": "[\n  {\n    \"title\": \"cypress-mochawesome-reporter-videos-failed\",\n    \"value\": \"cypress/e2e/view_category_products.cy.ts\"\n  },\n  {\n    \"title\": \"cypress-mochawesome-reporter-screenshots\",\n    \"value\": [\n      [\n        \"/view_category_products.cy.ts/Test Case 18 View Category Products -- should view category products (failed).png\"\n      ],\n      [\n        \"/view_category_products.cy.ts/Test Case 18 View Category Products -- should view category products (failed) (attempt 2).png\"\n      ],\n      [\n        \"/view_category_products.cy.ts/Test Case 18 View Category Products -- should view category products (failed) (attempt 3).png\"\n      ]\n    ]\n  }\n]",
              "code": "// 3. Verify that categories are visible on left side bar\nhomePage.categorySidebar.should('be.visible');\n// 4. Click on 'Women' category\nhomePage.womenCategory.click();\ncy.wait(500); // Wait for sub-categories to load\n// 5. Click on any category link under 'Women' category, for example: Dress\nhomePage.womenDressCategory.click();\ncy.url().should('include', '/category_products/1');\n// 6. Verify that category page is displayed and confirm text 'WOMEN - TOPS PRODUCTS'\ncy.contains('WOMEN - DRESS PRODUCTS').should('be.visible');\n// 7. On left side bar, click on any sub-category link of 'Men' category\nhomePage.menCategory.click();\ncy.wait(500); // Wait for sub-categories to load\nhomePage.menTshirtsCategory.click();\ncy.url().should('include', '/category_products/3');\n// 8. Verify that user is navigated to that category page\ncy.contains('MEN - TSHIRTS PRODUCTS').should('be.visible');",
              "err": {
                "message": "AssertionError: Timed out retrying after 4000ms: Expected to find content: 'WOMEN - DRESS PRODUCTS' but never did.",
                "estack": "AssertionError: Timed out retrying after 4000ms: Expected to find content: 'WOMEN - DRESS PRODUCTS' but never did.\n    at Context.eval (webpack://assesstemt/./cypress/e2e/view_category_products.cy.ts:28:42)",
                "diff": null
              },
              "uuid": "59484025-b3ba-456f-8d07-574370e1c0ba",
              "parentUUID": "7449acd0-8e50-4c38-919a-662d5909c279",
              "isHook": false,
              "skipped": false
            }
          ],
          "suites": [],
          "passes": [],
          "failures": [
            "59484025-b3ba-456f-8d07-574370e1c0ba"
          ],
          "pending": [],
          "skipped": [],
          "duration": 13154,
          "root": false,
          "rootEmpty": false,
          "_timeout": 2000
        }
      ],
      "passes": [],
      "failures": [],
      "pending": [],
      "skipped": [],
      "duration": 0,
      "root": true,
      "rootEmpty": true,
      "_timeout": 2000
    }
  ],
  "meta": {
    "mocha": {
      "version": "7.2.0"
    },
    "mochawesome": {
      "options": {
        "quiet": false,
        "reportFilename": "mochawesome",
        "saveHtml": false,
        "saveJson": true,
        "consoleReporter": "spec",
        "useInlineDiffs": false,
        "code": true
      },
      "version": "7.1.3"
    },
    "marge": {
      "options": {
        "reportDir": "cypress/reports/.jsons",
        "charts": true,
        "reportPageTitle": "Kinetik QA Assessment",
        "embeddedScreenshots": true,
        "inlineAssets": true,
        "overwrite": false,
        "html": false,
        "json": true
      },
      "version": "6.2.0"
    }
  }
}