{
  "stats": {
    "suites": 1,
    "tests": 1,
    "passes": 1,
    "pending": 0,
    "failures": 0,
    "start": "2025-09-11T08:21:43.359Z",
    "end": "2025-09-11T08:21:49.650Z",
    "duration": 6291,
    "testsRegistered": 1,
    "passPercent": 100,
    "pendingPercent": 0,
    "other": 0,
    "hasOther": false,
    "skipped": 0,
    "hasSkipped": false
  },
  "results": [
    {
      "uuid": "6cd0a75f-3f5c-48b2-9d49-473af502c713",
      "title": "",
      "fullFile": "cypress/e2e/add_to_cart_from_recommended.cy.ts",
      "file": "cypress/e2e/add_to_cart_from_recommended.cy.ts",
      "beforeHooks": [],
      "afterHooks": [],
      "tests": [],
      "suites": [
        {
          "uuid": "0735c017-890a-49b1-9726-e356fb6dec8f",
          "title": "Add to cart from Recommended items",
          "fullFile": "",
          "file": "",
          "beforeHooks": [],
          "afterHooks": [],
          "tests": [
            {
              "title": "should add a product to the cart from the recommended items section",
              "fullTitle": "Add to cart from Recommended items should add a product to the cart from the recommended items section",
              "timedOut": null,
              "duration": 6200,
              "state": "passed",
              "speed": "medium",
              "pass": true,
              "fail": false,
              "pending": false,
              "context": "{\n  \"title\": \"cypress-mochawesome-reporter-videos-passed\",\n  \"value\": \"cypress/e2e/add_to_cart_from_recommended.cy.ts\"\n}",
              "code": "// 1. Launch browser\n// 2. Navigate to url 'http://automationexercise.com'\ncy.visit('http://automationexercise.com');\n// 3. Scroll to bottom of page\ncy.scrollTo('bottom');\n// 4. Verify 'RECOMMENDED ITEMS' are visible\nHomePage_1.default.getRecommendedItems().should('be.visible');\n// 5. Click on 'Add To Cart' on Recommended product\nHomePage_1.default.getAddToCartFromRecommended().first().click({ force: true });\n// 6. Click on 'View Cart' button\nProductsPage_1.default.viewCartButton.click();\n// 7. Verify that product is displayed in cart page\ncy.get('#cart_info_table').should('be.visible');",
              "err": {},
              "uuid": "07eb8963-2a76-446c-ac46-7047584c76db",
              "parentUUID": "0735c017-890a-49b1-9726-e356fb6dec8f",
              "isHook": false,
              "skipped": false
            }
          ],
          "suites": [],
          "passes": [
            "07eb8963-2a76-446c-ac46-7047584c76db"
          ],
          "failures": [],
          "pending": [],
          "skipped": [],
          "duration": 6200,
          "root": false,
          "rootEmpty": false,
          "_timeout": 2000
        }
      ],
      "passes": [],
      "failures": [],
      "pending": [],
      "skipped": [],
      "duration": 0,
      "root": true,
      "rootEmpty": true,
      "_timeout": 2000
    }
  ],
  "meta": {
    "mocha": {
      "version": "7.2.0"
    },
    "mochawesome": {
      "options": {
        "quiet": false,
        "reportFilename": "mochawesome",
        "saveHtml": false,
        "saveJson": true,
        "consoleReporter": "spec",
        "useInlineDiffs": false,
        "code": true
      },
      "version": "7.1.3"
    },
    "marge": {
      "options": {
        "reportDir": "cypress/reports/.jsons",
        "charts": true,
        "reportPageTitle": "Kinetik QA Assessment",
        "embeddedScreenshots": true,
        "inlineAssets": true,
        "saveAllAttempts": true,
        "overwrite": false,
        "html": false,
        "json": true
      },
      "version": "6.2.0"
    }
  }
}