{
  "stats": {
    "suites": 1,
    "tests": 1,
    "passes": 1,
    "pending": 0,
    "failures": 0,
    "start": "2025-09-08T07:46:49.988Z",
    "end": "2025-09-08T07:47:10.144Z",
    "duration": 20156,
    "testsRegistered": 1,
    "passPercent": 100,
    "pendingPercent": 0,
    "other": 0,
    "hasOther": false,
    "skipped": 0,
    "hasSkipped": false
  },
  "results": [
    {
      "uuid": "d6c98fbc-d11c-417d-a52a-fcf033dee5af",
      "title": "",
      "fullFile": "cypress/e2e/add_review_on_product.cy.ts",
      "file": "cypress/e2e/add_review_on_product.cy.ts",
      "beforeHooks": [],
      "afterHooks": [],
      "tests": [],
      "suites": [
        {
          "uuid": "b70cf9a4-3e47-489f-84da-4bedb569c4b5",
          "title": "Add review on product",
          "fullFile": "",
          "file": "",
          "beforeHooks": [],
          "afterHooks": [],
          "tests": [
            {
              "title": "should add a review to a product",
              "fullTitle": "Add review on product should add a review to a product",
              "timedOut": null,
              "duration": 19931,
              "state": "passed",
              "speed": "slow",
              "pass": true,
              "fail": false,
              "pending": false,
              "context": "{\n  \"title\": \"cypress-mochawesome-reporter-videos-passed\",\n  \"value\": \"cypress/e2e/add_review_on_product.cy.ts\"\n}",
              "code": "cy.visit('http://automationexercise.com');\nProductsPage_1.default.productsButton.click();\ncy.url().should('include', '/products');\nProductsPage_1.default.getViewProductButton().first().click();\ncy.contains('Write Your Review').scrollIntoView().should('be.visible');\ncy.get('#name').type('Tisha');\ncy.get('#email').type('tisha@example.com');\ncy.get('#review').type('This is a great product!');\ncy.get('#button-review').click();\ncy.contains('Thank you for your review.').should('be.visible');",
              "err": {},
              "uuid": "78acfabb-c10c-45bb-b4f3-f4000f8d4a99",
              "parentUUID": "b70cf9a4-3e47-489f-84da-4bedb569c4b5",
              "isHook": false,
              "skipped": false
            }
          ],
          "suites": [],
          "passes": [
            "78acfabb-c10c-45bb-b4f3-f4000f8d4a99"
          ],
          "failures": [],
          "pending": [],
          "skipped": [],
          "duration": 19931,
          "root": false,
          "rootEmpty": false,
          "_timeout": 2000
        }
      ],
      "passes": [],
      "failures": [],
      "pending": [],
      "skipped": [],
      "duration": 0,
      "root": true,
      "rootEmpty": true,
      "_timeout": 2000
    }
  ],
  "meta": {
    "mocha": {
      "version": "7.2.0"
    },
    "mochawesome": {
      "options": {
        "quiet": false,
        "reportFilename": "mochawesome",
        "saveHtml": false,
        "saveJson": true,
        "consoleReporter": "spec",
        "useInlineDiffs": false,
        "code": true
      },
      "version": "7.1.3"
    },
    "marge": {
      "options": {
        "reportDir": "cypress/reports/.jsons",
        "charts": true,
        "reportPageTitle": "Kinetik QA Assessment",
        "embeddedScreenshots": true,
        "inlineAssets": true,
        "overwrite": false,
        "html": false,
        "json": true
      },
      "version": "6.2.0"
    }
  }
}