{
  "stats": {
    "suites": 1,
    "tests": 1,
    "passes": 1,
    "pending": 0,
    "failures": 0,
    "start": "2025-09-10T05:49:06.069Z",
    "end": "2025-09-10T05:49:17.210Z",
    "duration": 11141,
    "testsRegistered": 1,
    "passPercent": 100,
    "pendingPercent": 0,
    "other": 0,
    "hasOther": false,
    "skipped": 0,
    "hasSkipped": false
  },
  "results": [
    {
      "uuid": "14e27997-6279-4b57-aebe-62dfb3e4a622",
      "title": "",
      "fullFile": "cypress/e2e/add_review_on_product.cy.ts",
      "file": "cypress/e2e/add_review_on_product.cy.ts",
      "beforeHooks": [],
      "afterHooks": [],
      "tests": [],
      "suites": [
        {
          "uuid": "2a8c8d01-c865-40fa-ac3e-aec56d505387",
          "title": "Add review on product",
          "fullFile": "",
          "file": "",
          "beforeHooks": [],
          "afterHooks": [],
          "tests": [
            {
              "title": "should add a review on a product",
              "fullTitle": "Add review on product should add a review on a product",
              "timedOut": null,
              "duration": 11014,
              "state": "passed",
              "speed": "slow",
              "pass": true,
              "fail": false,
              "pending": false,
              "context": "{\n  \"title\": \"cypress-mochawesome-reporter-videos-passed\",\n  \"value\": \"cypress/e2e/add_review_on_product.cy.ts\"\n}",
              "code": "// 1. Launch browser\n// 2. Navigate to url 'http://automationexercise.com'\ncy.visit('http://automationexercise.com');\ncy.url().should('eq', 'https://automationexercise.com/');\n// 3. Click on 'Products' button    \ncy.get('a[href=\"/products\"]').click();\n// 4. Verify user is navigated to ALL PRODUCTS page successfully\ncy.get('h2.title.text-center').should('contain', 'All Products');\n// 5. Click on 'View Product' button\ncy.get('a[href=\"/product_details/1\"]').click();\n// 6. Verify 'Write Your Review' is visible\ncy.get('.shop-details-tab').should('contain', 'Write Your Review');\n// 7. Enter name, email and review\ncy.get('a[href=\"#reviews\"]').should('be.visible');\ncy.get('input#name').type('Tisha');\ncy.get('input#email').type('tisha@example.com');\ncy.get('textarea#review').type('This is a great product!');\n// 8. Click 'Submit' button \ncy.get('button#button-review').click();\n// 9. Verify success message 'Thank you for your review.' is visible\ncy.get('div.alert-success span').should('contain', 'Thank you for your review.');",
              "err": {},
              "uuid": "5a129f0f-0514-4d12-9f99-40f89449e82e",
              "parentUUID": "2a8c8d01-c865-40fa-ac3e-aec56d505387",
              "isHook": false,
              "skipped": false
            }
          ],
          "suites": [],
          "passes": [
            "5a129f0f-0514-4d12-9f99-40f89449e82e"
          ],
          "failures": [],
          "pending": [],
          "skipped": [],
          "duration": 11014,
          "root": false,
          "rootEmpty": false,
          "_timeout": 2000
        }
      ],
      "passes": [],
      "failures": [],
      "pending": [],
      "skipped": [],
      "duration": 0,
      "root": true,
      "rootEmpty": true,
      "_timeout": 2000
    }
  ],
  "meta": {
    "mocha": {
      "version": "7.2.0"
    },
    "mochawesome": {
      "options": {
        "quiet": false,
        "reportFilename": "mochawesome",
        "saveHtml": false,
        "saveJson": true,
        "consoleReporter": "spec",
        "useInlineDiffs": false,
        "code": true
      },
      "version": "7.1.3"
    },
    "marge": {
      "options": {
        "reportDir": "cypress/reports/.jsons",
        "charts": true,
        "reportPageTitle": "Kinetik QA Assessment",
        "embeddedScreenshots": true,
        "inlineAssets": true,
        "overwrite": false,
        "html": false,
        "json": true
      },
      "version": "6.2.0"
    }
  }
}