{
  "stats": {
    "suites": 1,
    "tests": 2,
    "passes": 1,
    "pending": 0,
    "failures": 1,
    "start": "2025-09-05T17:05:06.419Z",
    "end": "2025-09-05T17:06:02.634Z",
    "duration": 56215,
    "testsRegistered": 2,
    "passPercent": 50,
    "pendingPercent": 0,
    "other": 0,
    "hasOther": false,
    "skipped": 0,
    "hasSkipped": false
  },
  "results": [
    {
      "uuid": "8f00d39f-43c5-4344-9c9a-762dbdb5b7d8",
      "title": "",
      "fullFile": "cypress/e2e/add_products_to_cart.cy.ts",
      "file": "cypress/e2e/add_products_to_cart.cy.ts",
      "beforeHooks": [],
      "afterHooks": [],
      "tests": [],
      "suites": [
        {
          "uuid": "061beda5-08b2-4d53-8f80-13cf6c28a64b",
          "title": "Test Case 12: Add Products in Cart",
          "fullFile": "",
          "file": "",
          "beforeHooks": [],
          "afterHooks": [],
          "tests": [
            {
              "title": "should add products to cart and verify details",
              "fullTitle": "Test Case 12: Add Products in Cart should add products to cart and verify details",
              "timedOut": null,
              "duration": 15606,
              "state": "failed",
              "speed": null,
              "pass": false,
              "fail": true,
              "pending": false,
              "context": "[\n  {\n    \"title\": \"cypress-mochawesome-reporter-videos-failed\",\n    \"value\": \"cypress/e2e/add_products_to_cart.cy.ts\"\n  },\n  {\n    \"title\": \"cypress-mochawesome-reporter-screenshots\",\n    \"value\": [\n      [\n        \"/add_products_to_cart.cy.ts/Test Case 12 Add Products in Cart -- should add products to cart and verify details (failed).png\"\n      ],\n      [\n        \"/add_products_to_cart.cy.ts/Test Case 12 Add Products in Cart -- should add products to cart and verify details (failed) (attempt 2).png\"\n      ],\n      [\n        \"/add_products_to_cart.cy.ts/Test Case 12 Add Products in Cart -- should add products to cart and verify details (failed) (attempt 3).png\"\n      ]\n    ]\n  }\n]",
              "code": "// 1. Launch browser\n// 2. Navigate to url 'http://automationexercise.com'\ncy.visit('/');\n// 3. Verify that home page is visible successfully\ncy.url().should('eq', 'https://automationexercise.com/');\n// 4. Click 'Products' button\nproductsPage.productsButton.click();\n// 5. Hover over first product and click 'Add to cart'\nproductsPage.addFirstProductToCart();\n// 6. Click 'Continue Shopping' button\nproductsPage.continueShoppingButton.click();\n// 7. Hover over second product and click 'Add to cart'\nproductsPage.addSecondProductToCart();\nproductsPage.viewCartButton.should('be.visible');\n// 8. Click 'View Cart' button\nproductsPage.viewCartButton.click();\n// 9. Verify both products are added to Cart\nproductsPage.productOneInCart.should('be.visible');\nproductsPage.productTwoInCart.should('be.visible');\n// 10. Verify their prices, quantity and total price\nproductsPage.productOnePrice.should('be.visible');\nproductsPage.productOneQuantity.should('contain.text', '1'); // Assuming quantity is 1 by default\nproductsPage.productOneTotalPrice.should('be.visible');\nproductsPage.productTwoPrice.should('be.visible');\nproductsPage.productTwoQuantity.should('contain.text', '1'); // Assuming quantity is 1 by default\nproductsPage.productTwoTotalPrice.should('be.visible');",
              "err": {
                "message": "AssertionError: Timed out retrying after 4000ms: Expected to find element: `1`, but never found it. Queried from:\n\n              > cy.get(.cart_info tbody tr)",
                "estack": "AssertionError: Timed out retrying after 4000ms: Expected to find element: `1`, but never found it. Queried from:\n\n              > cy.get(.cart_info tbody tr)\n    at Context.eval (webpack://assesstemt/./cypress/e2e/add_products_to_cart.cy.ts:32:34)",
                "diff": null
              },
              "uuid": "287723bd-31f1-47b8-846a-4c680a390cae",
              "parentUUID": "061beda5-08b2-4d53-8f80-13cf6c28a64b",
              "isHook": false,
              "skipped": false
            },
            {
              "title": "should remove products from cart",
              "fullTitle": "Test Case 12: Add Products in Cart should remove products from cart",
              "timedOut": null,
              "duration": 11119,
              "state": "passed",
              "speed": "slow",
              "pass": true,
              "fail": false,
              "pending": false,
              "context": "{\n  \"title\": \"cypress-mochawesome-reporter-videos-passed\",\n  \"value\": \"cypress/e2e/add_products_to_cart.cy.ts\"\n}",
              "code": "// 1. Launch browser\n// 2. Navigate to url 'http://automationexercise.com'\ncy.visit('/');\n// 3. Verify that home page is visible successfully\ncy.url().should('eq', 'https://automationexercise.com/');\n// 4. Click 'Products' button\nproductsPage.productsButton.click();\n// 5. Hover over first product and click 'Add to cart'\nproductsPage.addFirstProductToCart();\n// 6. Click 'View Cart' button\nproductsPage.viewCartButton.click();\n// 7. Verify product is added to Cart\nproductsPage.productOneInCart.should('be.visible');\n// 8. Click 'X' button corresponding to particular product\nproductsPage.getRemoveFromCartButton(0).click();\n// 9. Verify that product is removed from the cart\nproductsPage.cartEmptyMessage.should('be.visible');",
              "err": {},
              "uuid": "b52d6669-a4c4-40a6-8ea6-6979585a1d01",
              "parentUUID": "061beda5-08b2-4d53-8f80-13cf6c28a64b",
              "isHook": false,
              "skipped": false
            }
          ],
          "suites": [],
          "passes": [
            "b52d6669-a4c4-40a6-8ea6-6979585a1d01"
          ],
          "failures": [
            "287723bd-31f1-47b8-846a-4c680a390cae"
          ],
          "pending": [],
          "skipped": [],
          "duration": 26725,
          "root": false,
          "rootEmpty": false,
          "_timeout": 2000
        }
      ],
      "passes": [],
      "failures": [],
      "pending": [],
      "skipped": [],
      "duration": 0,
      "root": true,
      "rootEmpty": true,
      "_timeout": 2000
    }
  ],
  "meta": {
    "mocha": {
      "version": "7.2.0"
    },
    "mochawesome": {
      "options": {
        "quiet": false,
        "reportFilename": "mochawesome",
        "saveHtml": false,
        "saveJson": true,
        "consoleReporter": "spec",
        "useInlineDiffs": false,
        "code": true
      },
      "version": "7.1.3"
    },
    "marge": {
      "options": {
        "reportDir": "cypress/reports/.jsons",
        "charts": true,
        "reportPageTitle": "Kinetik QA Assessment",
        "embeddedScreenshots": true,
        "inlineAssets": true,
        "overwrite": false,
        "html": false,
        "json": true
      },
      "version": "6.2.0"
    }
  }
}