{
  "stats": {
    "suites": 1,
    "tests": 1,
    "passes": 1,
    "pending": 0,
    "failures": 0,
    "start": "2025-09-10T14:10:29.812Z",
    "end": "2025-09-10T14:10:50.074Z",
    "duration": 20262,
    "testsRegistered": 1,
    "passPercent": 100,
    "pendingPercent": 0,
    "other": 0,
    "hasOther": false,
    "skipped": 0,
    "hasSkipped": false
  },
  "results": [
    {
      "uuid": "0bf9fc73-fcb9-44ca-a187-6269e63e1175",
      "title": "",
      "fullFile": "cypress/e2e/test_cases_page.cy.ts",
      "file": "cypress/e2e/test_cases_page.cy.ts",
      "beforeHooks": [],
      "afterHooks": [],
      "tests": [],
      "suites": [
        {
          "uuid": "22f1e625-42c8-4cff-bf06-e2603e95bfc9",
          "title": "Test Case 7: Verify Test Cases Page",
          "fullFile": "",
          "file": "",
          "beforeHooks": [],
          "afterHooks": [],
          "tests": [
            {
              "title": "should navigate to the test cases page",
              "fullTitle": "Test Case 7: Verify Test Cases Page should navigate to the test cases page",
              "timedOut": null,
              "duration": 20142,
              "state": "passed",
              "speed": "slow",
              "pass": true,
              "fail": false,
              "pending": false,
              "context": "{\n  \"title\": \"cypress-mochawesome-reporter-videos-passed\",\n  \"value\": \"cypress/e2e/test_cases_page.cy.ts\"\n}",
              "code": "// 1. Launch browser\n// 2. Navigate to url 'http://automationexercise.com'\ncy.visit('/');\n// 3. Verify that home page is visible successfully\ncy.url().should('eq', 'https://automationexercise.com/');\n// 4. Click on 'Test Cases' button\nregistrationPage.testCasesButton.click();\n// 5. Verify user is navigated to test cases page successfully\ncy.url().should('include', '/test_cases');",
              "err": {},
              "uuid": "3a7e4488-f1b9-4c34-a6fa-e6c0c9a06511",
              "parentUUID": "22f1e625-42c8-4cff-bf06-e2603e95bfc9",
              "isHook": false,
              "skipped": false
            }
          ],
          "suites": [],
          "passes": [
            "3a7e4488-f1b9-4c34-a6fa-e6c0c9a06511"
          ],
          "failures": [],
          "pending": [],
          "skipped": [],
          "duration": 20142,
          "root": false,
          "rootEmpty": false,
          "_timeout": 2000
        }
      ],
      "passes": [],
      "failures": [],
      "pending": [],
      "skipped": [],
      "duration": 0,
      "root": true,
      "rootEmpty": true,
      "_timeout": 2000
    }
  ],
  "meta": {
    "mocha": {
      "version": "7.2.0"
    },
    "mochawesome": {
      "options": {
        "quiet": false,
        "reportFilename": "mochawesome",
        "saveHtml": false,
        "saveJson": true,
        "consoleReporter": "spec",
        "useInlineDiffs": false,
        "code": true
      },
      "version": "7.1.3"
    },
    "marge": {
      "options": {
        "reportDir": "cypress/reports/.jsons",
        "charts": true,
        "reportPageTitle": "Kinetik QA Assessment",
        "embeddedScreenshots": true,
        "inlineAssets": true,
        "overwrite": false,
        "html": false,
        "json": true
      },
      "version": "6.2.0"
    }
  }
}