{
  "stats": {
    "suites": 1,
    "tests": 1,
    "passes": 0,
    "pending": 0,
    "failures": 1,
    "start": "2025-09-07T08:32:31.142Z",
    "end": "2025-09-07T08:32:31.887Z",
    "duration": 745,
    "testsRegistered": 1,
    "passPercent": 0,
    "pendingPercent": 0,
    "other": 0,
    "hasOther": false,
    "skipped": 0,
    "hasSkipped": false
  },
  "results": [
    {
      "uuid": "05eb56c7-d87d-4534-a5a1-c28ea8a164ad",
      "title": "",
      "fullFile": "cypress/e2e/search_product.cy.ts",
      "file": "cypress/e2e/search_product.cy.ts",
      "beforeHooks": [],
      "afterHooks": [],
      "tests": [],
      "suites": [
        {
          "uuid": "a395dcf1-e6da-48fb-8f03-6f5ce0d36850",
          "title": "Test Case 9: Search Product",
          "fullFile": "",
          "file": "",
          "beforeHooks": [],
          "afterHooks": [],
          "tests": [
            {
              "title": "should search for a product and verify results",
              "fullTitle": "Test Case 9: Search Product should search for a product and verify results",
              "timedOut": null,
              "duration": 195,
              "state": "failed",
              "speed": null,
              "pass": false,
              "fail": true,
              "pending": false,
              "context": "[\n  {\n    \"title\": \"cypress-mochawesome-reporter-videos-failed\",\n    \"value\": \"cypress/e2e/search_product.cy.ts\"\n  },\n  {\n    \"title\": \"cypress-mochawesome-reporter-screenshots\",\n    \"value\": [\n      [\n        \"/search_product.cy.ts/Test Case 9 Search Product -- should search for a product and verify results (failed).png\"\n      ],\n      [\n        \"/search_product.cy.ts/Test Case 9 Search Product -- should search for a product and verify results (failed) (attempt 2).png\"\n      ],\n      [\n        \"/search_product.cy.ts/Test Case 9 Search Product -- should search for a product and verify results (failed) (attempt 3).png\"\n      ]\n    ]\n  }\n]",
              "code": "// 1. Launch browser\n// 2. Navigate to url 'http://automationexercise.com'\ncy.visit('/');\n// 3. Verify that home page is visible successfully\ncy.url().should('eq', 'https://automationexercise.com/');\n// 4. Click on 'Products' button\nproductsPage.productsButton.click();\n// 5. Verify user is navigated to ALL PRODUCTS page successfully\nproductsPage.allProductsText.should('be.visible');\ncy.url().should('include', '/products');\n// 6. Enter product name in search input and click search button\nvar productName = 'T-Shirt'; // Example product name\nproductsPage.searchInput.type(productName);\nproductsPage.searchButton.click();\n// 7. Verify 'SEARCHED PRODUCTS' is visible\nproductsPage.searchedProductsText.should('be.visible');\n// 8. Verify all the products related to search are visible\nproductsPage.allSearchedProducts.each(function ($el) {\n    cy.wrap($el).should('contain.text', productName);\n});",
              "err": {
                "message": "TypeError: Cannot read properties of undefined (reading 'click')",
                "estack": "TypeError: Cannot read properties of undefined (reading 'click')\n    at Context.eval (webpack://assesstemt/./cypress/e2e/search_product.cy.ts:15:32)\n    at runnable.fn (https://automationexercise.com/__cypress/runner/cypress_runner.js:141784:19)\n    at callFn (https://automationexercise.com/__cypress/runner/cypress_runner.js:160853:21)\n    at Runnable.run (https://automationexercise.com/__cypress/runner/cypress_runner.js:160840:7)\n    at <unknown> (https://automationexercise.com/__cypress/runner/cypress_runner.js:166935:30)\n    at PassThroughHandlerContext.finallyHandler (https://automationexercise.com/__cypress/runner/cypress_runner.js:4042:23)\n    at PassThroughHandlerContext.tryCatcher (https://automationexercise.com/__cypress/runner/cypress_runner.js:1777:23)\n    at Promise._settlePromiseFromHandler (https://automationexercise.com/__cypress/runner/cypress_runner.js:1489:31)\n    at Promise._settlePromise (https://automationexercise.com/__cypress/runner/cypress_runner.js:1546:18)",
                "diff": null
              },
              "uuid": "2f2e1a36-2322-42cc-82a0-d2ee6a8a3c37",
              "parentUUID": "a395dcf1-e6da-48fb-8f03-6f5ce0d36850",
              "isHook": false,
              "skipped": false
            }
          ],
          "suites": [],
          "passes": [],
          "failures": [
            "2f2e1a36-2322-42cc-82a0-d2ee6a8a3c37"
          ],
          "pending": [],
          "skipped": [],
          "duration": 195,
          "root": false,
          "rootEmpty": false,
          "_timeout": 2000
        }
      ],
      "passes": [],
      "failures": [],
      "pending": [],
      "skipped": [],
      "duration": 0,
      "root": true,
      "rootEmpty": true,
      "_timeout": 2000
    }
  ],
  "meta": {
    "mocha": {
      "version": "7.2.0"
    },
    "mochawesome": {
      "options": {
        "quiet": false,
        "reportFilename": "mochawesome",
        "saveHtml": false,
        "saveJson": true,
        "consoleReporter": "spec",
        "useInlineDiffs": false,
        "code": true
      },
      "version": "7.1.3"
    },
    "marge": {
      "options": {
        "reportDir": "cypress/reports/.jsons",
        "charts": true,
        "reportPageTitle": "Kinetik QA Assessment",
        "embeddedScreenshots": true,
        "inlineAssets": true,
        "overwrite": false,
        "html": false,
        "json": true
      },
      "version": "6.2.0"
    }
  }
}