{
  "stats": {
    "suites": 1,
    "tests": 1,
    "passes": 1,
    "pending": 0,
    "failures": 0,
    "start": "2025-09-06T10:21:15.347Z",
    "end": "2025-09-06T10:21:25.836Z",
    "duration": 10489,
    "testsRegistered": 1,
    "passPercent": 100,
    "pendingPercent": 0,
    "other": 0,
    "hasOther": false,
    "skipped": 0,
    "hasSkipped": false
  },
  "results": [
    {
      "uuid": "8f8d3923-e6e2-4d1e-8c46-4d39fd09e0de",
      "title": "",
      "fullFile": "cypress/e2e/remove_products_from_cart.cy.ts",
      "file": "cypress/e2e/remove_products_from_cart.cy.ts",
      "beforeHooks": [],
      "afterHooks": [],
      "tests": [],
      "suites": [
        {
          "uuid": "2c065b59-d6dd-4ff5-a480-b2a0d9d1e56e",
          "title": "Test Case 17: Remove Products From Cart",
          "fullFile": "",
          "file": "",
          "beforeHooks": [],
          "afterHooks": [],
          "tests": [
            {
              "title": "should remove products from cart",
              "fullTitle": "Test Case 17: Remove Products From Cart should remove products from cart",
              "timedOut": null,
              "duration": 10308,
              "state": "passed",
              "speed": "slow",
              "pass": true,
              "fail": false,
              "pending": false,
              "context": "{\n  \"title\": \"cypress-mochawesome-reporter-videos-passed\",\n  \"value\": \"cypress/e2e/remove_products_from_cart.cy.ts\"\n}",
              "code": "// 1. Launch browser\n// 2. Navigate to url 'http://automationexercise.com'\ncy.visit('/');\n// 3. Verify that home page is visible successfully\ncy.url().should('eq', 'https://automationexercise.com/');\n// 4. Add products to cart\nproductsPage.productsButton.click(); // Navigate to products page first\nproductsPage.addFirstProductToCart();\n// 5. Click 'Cart' button\nproductsPage.viewCartButton.click();\n// 6. Verify that cart page is displayed\ncy.url().should('include', '/view_cart');\nproductsPage.productOneInCart.should('be.visible'); // Verify product is in cart\n// 7. Click 'X' button corresponding to particular product\nproductsPage.getRemoveFromCartButton(0).click();\n// 8. Verify that product is removed from the cart\nproductsPage.cartEmptyMessage.should('be.visible');",
              "err": {},
              "uuid": "e21ed7d8-d43f-4ba2-b955-a824ae53d44c",
              "parentUUID": "2c065b59-d6dd-4ff5-a480-b2a0d9d1e56e",
              "isHook": false,
              "skipped": false
            }
          ],
          "suites": [],
          "passes": [
            "e21ed7d8-d43f-4ba2-b955-a824ae53d44c"
          ],
          "failures": [],
          "pending": [],
          "skipped": [],
          "duration": 10308,
          "root": false,
          "rootEmpty": false,
          "_timeout": 2000
        }
      ],
      "passes": [],
      "failures": [],
      "pending": [],
      "skipped": [],
      "duration": 0,
      "root": true,
      "rootEmpty": true,
      "_timeout": 2000
    }
  ],
  "meta": {
    "mocha": {
      "version": "7.2.0"
    },
    "mochawesome": {
      "options": {
        "quiet": false,
        "reportFilename": "mochawesome",
        "saveHtml": false,
        "saveJson": true,
        "consoleReporter": "spec",
        "useInlineDiffs": false,
        "code": true
      },
      "version": "7.1.3"
    },
    "marge": {
      "options": {
        "reportDir": "cypress/reports/.jsons",
        "charts": true,
        "reportPageTitle": "Kinetik QA Assessment",
        "embeddedScreenshots": true,
        "inlineAssets": true,
        "overwrite": false,
        "html": false,
        "json": true
      },
      "version": "6.2.0"
    }
  }
}