{
  "stats": {
    "suites": 1,
    "tests": 1,
    "passes": 1,
    "pending": 0,
    "failures": 0,
    "start": "2025-09-08T10:01:23.879Z",
    "end": "2025-09-08T10:01:37.675Z",
    "duration": 13796,
    "testsRegistered": 1,
    "passPercent": 100,
    "pendingPercent": 0,
    "other": 0,
    "hasOther": false,
    "skipped": 0,
    "hasSkipped": false
  },
  "results": [
    {
      "uuid": "94977934-0de7-4c10-80ea-d800446146f8",
      "title": "",
      "fullFile": "cypress/e2e/add_review_on_product.cy.ts",
      "file": "cypress/e2e/add_review_on_product.cy.ts",
      "beforeHooks": [],
      "afterHooks": [],
      "tests": [],
      "suites": [
        {
          "uuid": "e1a6b36c-2952-4405-b95b-4a57e67e82c7",
          "title": "Add review on product",
          "fullFile": "",
          "file": "",
          "beforeHooks": [],
          "afterHooks": [],
          "tests": [
            {
              "title": "should add a review on a product",
              "fullTitle": "Add review on product should add a review on a product",
              "timedOut": null,
              "duration": 13603,
              "state": "passed",
              "speed": "slow",
              "pass": true,
              "fail": false,
              "pending": false,
              "context": "{\n  \"title\": \"cypress-mochawesome-reporter-videos-passed\",\n  \"value\": \"cypress/e2e/add_review_on_product.cy.ts\"\n}",
              "code": "cy.visit('http://automationexercise.com');\ncy.get('a[href=\"/products\"]').click();\ncy.get('h2.title.text-center').should('contain', 'All Products');\ncy.get('a[href=\"/product_details/1\"]').click();\ncy.get('a[href=\"#reviews\"]').should('be.visible');\ncy.get('input#name').type('Tisha');\ncy.get('input#email').type('tisha@example.com');\ncy.get('textarea#review').type('This is a great product!');\ncy.get('button#button-review').click();\ncy.get('div.alert-success span').should('contain', 'Thank you for your review.');",
              "err": {},
              "uuid": "76ac230b-0a33-4549-b883-1c82f240b127",
              "parentUUID": "e1a6b36c-2952-4405-b95b-4a57e67e82c7",
              "isHook": false,
              "skipped": false
            }
          ],
          "suites": [],
          "passes": [
            "76ac230b-0a33-4549-b883-1c82f240b127"
          ],
          "failures": [],
          "pending": [],
          "skipped": [],
          "duration": 13603,
          "root": false,
          "rootEmpty": false,
          "_timeout": 2000
        }
      ],
      "passes": [],
      "failures": [],
      "pending": [],
      "skipped": [],
      "duration": 0,
      "root": true,
      "rootEmpty": true,
      "_timeout": 2000
    }
  ],
  "meta": {
    "mocha": {
      "version": "7.2.0"
    },
    "mochawesome": {
      "options": {
        "quiet": false,
        "reportFilename": "mochawesome",
        "saveHtml": false,
        "saveJson": true,
        "consoleReporter": "spec",
        "useInlineDiffs": false,
        "code": true
      },
      "version": "7.1.3"
    },
    "marge": {
      "options": {
        "reportDir": "cypress/reports/.jsons",
        "charts": true,
        "reportPageTitle": "Kinetik QA Assessment",
        "embeddedScreenshots": true,
        "inlineAssets": true,
        "overwrite": false,
        "html": false,
        "json": true
      },
      "version": "6.2.0"
    }
  }
}