{
  "stats": {
    "suites": 1,
    "tests": 1,
    "passes": 0,
    "pending": 0,
    "failures": 1,
    "start": "2025-09-08T05:39:12.684Z",
    "end": "2025-09-08T05:39:13.536Z",
    "duration": 852,
    "testsRegistered": 1,
    "passPercent": 0,
    "pendingPercent": 0,
    "other": 0,
    "hasOther": false,
    "skipped": 0,
    "hasSkipped": false
  },
  "results": [
    {
      "uuid": "c4a32fa9-25fd-43c9-b74e-365a42791f16",
      "title": "",
      "fullFile": "cypress/e2e/verify_address_details_in_checkout_page.cy.ts",
      "file": "cypress/e2e/verify_address_details_in_checkout_page.cy.ts",
      "beforeHooks": [],
      "afterHooks": [],
      "tests": [],
      "suites": [
        {
          "uuid": "338544df-1d85-4afa-9493-834425222fc1",
          "title": "Verify address details in checkout page",
          "fullFile": "",
          "file": "",
          "beforeHooks": [],
          "afterHooks": [],
          "tests": [
            {
              "title": "should verify that the delivery and billing addresses are the same as the registration address",
              "fullTitle": "Verify address details in checkout page should verify that the delivery and billing addresses are the same as the registration address",
              "timedOut": null,
              "duration": 200,
              "state": "failed",
              "speed": null,
              "pass": false,
              "fail": true,
              "pending": false,
              "context": "[\n  {\n    \"title\": \"cypress-mochawesome-reporter-videos-failed\",\n    \"value\": \"cypress/e2e/verify_address_details_in_checkout_page.cy.ts\"\n  },\n  {\n    \"title\": \"cypress-mochawesome-reporter-screenshots\",\n    \"value\": [\n      [\n        \"/verify_address_details_in_checkout_page.cy.ts/Verify address details in checkout page -- should verify that the delivery and billing addresses are the same as the registration address (failed).png\"\n      ],\n      [\n        \"/verify_address_details_in_checkout_page.cy.ts/Verify address details in checkout page -- should verify that the delivery and billing addresses are the same as the registration address (failed) (attempt 2).png\"\n      ],\n      [\n        \"/verify_address_details_in_checkout_page.cy.ts/Verify address details in checkout page -- should verify that the delivery and billing addresses are the same as the registration address (failed) (attempt 3).png\"\n      ]\n    ]\n  }\n]",
              "code": "cy.visit('http://automationexercise.com');\ncy.get('body').should('be.visible');\nRegistrationPage_1.default.signupLoginButton.click();\nRegistrationPage_1.default.fillSignupForm(name, email);\nRegistrationPage_1.default.clickSignupButton();\ncy.wait(2000);\nRegistrationPage_1.default.fillAccountInfo(password, 'Mrs', firstName, lastName, company, address1, address2, country, state, city, zipcode, mobileNumber);\nRegistrationPage_1.default.clickCreateAccountButton();\nRegistrationPage_1.default.accountCreatedMessage.should('be.visible');\nRegistrationPage_1.default.continueButton.click();\ncy.contains('Logged in as ' + name).should('be.visible');\nProductsPage_1.default.addFirstProductToCart();\nProductsPage_1.default.continueShoppingButton.click();\nProductsPage_1.default.cartButton.click();\ncy.url().should('include', '/view_cart');\nCheckoutPage_1.default.proceedToCheckoutButton.click();\nCheckoutPage_1.default.deliveryAddress.should('contain', address1);\nCheckoutPage_1.default.deliveryAddress.should('contain', address2);\nCheckoutPage_1.default.deliveryAddress.should('contain', city);\nCheckoutPage_1.default.deliveryAddress.should('contain', state);\nCheckoutPage_1.default.deliveryAddress.should('contain', zipcode);\nCheckoutPage_1.default.deliveryAddress.should('contain', country);\nCheckoutPage_1.default.billingAddress.should('contain', address1);\nCheckoutPage_1.default.billingAddress.should('contain', address2);\nCheckoutPage_1.default.billingAddress.should('contain', city);\nCheckoutPage_1.default.billingAddress.should('contain', state);\nCheckoutPage_1.default.billingAddress.should('contain', zipcode);\nCheckoutPage_1.default.billingAddress.should('contain', country);\nRegistrationPage_1.default.deleteAccountButton.click();\nRegistrationPage_1.default.accountDeletedText.should('be.visible');\nRegistrationPage_1.default.continueButton.click();",
              "err": {
                "message": "TypeError: RegistrationPage_1.default.fillSignupForm is not a function",
                "estack": "TypeError: RegistrationPage_1.default.fillSignupForm is not a function\n    at Context.eval (webpack://assesstemt/./cypress/e2e/verify_address_details_in_checkout_page.cy.ts:25:21)\n    at runnable.fn (https://automationexercise.com/__cypress/runner/cypress_runner.js:141784:19)\n    at callFn (https://automationexercise.com/__cypress/runner/cypress_runner.js:160853:21)\n    at Runnable.run (https://automationexercise.com/__cypress/runner/cypress_runner.js:160840:7)\n    at <unknown> (https://automationexercise.com/__cypress/runner/cypress_runner.js:166935:30)\n    at PassThroughHandlerContext.finallyHandler (https://automationexercise.com/__cypress/runner/cypress_runner.js:4042:23)\n    at PassThroughHandlerContext.tryCatcher (https://automationexercise.com/__cypress/runner/cypress_runner.js:1777:23)\n    at Promise._settlePromiseFromHandler (https://automationexercise.com/__cypress/runner/cypress_runner.js:1489:31)\n    at Promise._settlePromise (https://automationexercise.com/__cypress/runner/cypress_runner.js:1546:18)",
                "diff": null
              },
              "uuid": "4221b022-819f-41a8-898a-69d75c5f0a36",
              "parentUUID": "338544df-1d85-4afa-9493-834425222fc1",
              "isHook": false,
              "skipped": false
            }
          ],
          "suites": [],
          "passes": [],
          "failures": [
            "4221b022-819f-41a8-898a-69d75c5f0a36"
          ],
          "pending": [],
          "skipped": [],
          "duration": 200,
          "root": false,
          "rootEmpty": false,
          "_timeout": 2000
        }
      ],
      "passes": [],
      "failures": [],
      "pending": [],
      "skipped": [],
      "duration": 0,
      "root": true,
      "rootEmpty": true,
      "_timeout": 2000
    }
  ],
  "meta": {
    "mocha": {
      "version": "7.2.0"
    },
    "mochawesome": {
      "options": {
        "quiet": false,
        "reportFilename": "mochawesome",
        "saveHtml": false,
        "saveJson": true,
        "consoleReporter": "spec",
        "useInlineDiffs": false,
        "code": true
      },
      "version": "7.1.3"
    },
    "marge": {
      "options": {
        "reportDir": "cypress/reports/.jsons",
        "charts": true,
        "reportPageTitle": "Kinetik QA Assessment",
        "embeddedScreenshots": true,
        "inlineAssets": true,
        "overwrite": false,
        "html": false,
        "json": true
      },
      "version": "6.2.0"
    }
  }
}