{
  "stats": {
    "suites": 1,
    "tests": 1,
    "passes": 0,
    "pending": 0,
    "failures": 1,
    "start": "2025-09-08T06:14:22.062Z",
    "end": "2025-09-08T06:14:35.592Z",
    "duration": 13530,
    "testsRegistered": 1,
    "passPercent": 0,
    "pendingPercent": 0,
    "other": 0,
    "hasOther": false,
    "skipped": 0,
    "hasSkipped": false
  },
  "results": [
    {
      "uuid": "42faa686-405a-4093-99cc-0ad571a4cb62",
      "title": "",
      "fullFile": "cypress/e2e/place_order_register_before_checkout.cy.ts",
      "file": "cypress/e2e/place_order_register_before_checkout.cy.ts",
      "beforeHooks": [],
      "afterHooks": [],
      "tests": [],
      "suites": [
        {
          "uuid": "ea9bbb94-c602-4f33-8acf-188b1660ec0f",
          "title": "Test Case 15: Place Order: Register before Checkout",
          "fullFile": "",
          "file": "",
          "beforeHooks": [],
          "afterHooks": [],
          "tests": [
            {
              "title": "should place order by registering while checkout",
              "fullTitle": "Test Case 15: Place Order: Register before Checkout should place order by registering while checkout",
              "timedOut": null,
              "duration": 3930,
              "state": "failed",
              "speed": null,
              "pass": false,
              "fail": true,
              "pending": false,
              "context": "[\n  {\n    \"title\": \"cypress-mochawesome-reporter-videos-failed\",\n    \"value\": \"cypress/e2e/place_order_register_before_checkout.cy.ts\"\n  },\n  {\n    \"title\": \"cypress-mochawesome-reporter-screenshots\",\n    \"value\": [\n      [\n        \"/place_order_register_before_checkout.cy.ts/Test Case 15 Place Order Register before Checkout -- should place order by registering while checkout (failed).png\"\n      ],\n      [\n        \"/place_order_register_before_checkout.cy.ts/Test Case 15 Place Order Register before Checkout -- should place order by registering while checkout (failed) (attempt 2).png\"\n      ],\n      [\n        \"/place_order_register_before_checkout.cy.ts/Test Case 15 Place Order Register before Checkout -- should place order by registering while checkout (failed) (attempt 3).png\"\n      ]\n    ]\n  }\n]",
              "code": "// 4. Click 'Signup / Login' button on the home page.\nregistrationPage.signupLoginButton.click();\n// 5. Fill all details in Signup and create account\nregistrationPage.fillSignupForm('Test User', userEmail);\nregistrationPage.clickSignupButton();\nregistrationPage.fillAccountInfo(userPassword, 'Mr', 'Test', 'User', 'Test Company', '123 Test Street', 'Apt 4B', 'United States', 'New York', 'New York', '10001', '1234567890');\nregistrationPage.clickCreateAccountButton();\n// 6. Verify 'ACCOUNT CREATED!' and click 'Continue' button\nregistrationPage.accountCreatedText.should('be.visible');\nregistrationPage.continueButton.click();\n// 7. Verify ' Logged in as username' at top\ncy.contains('Logged in as Test User').should('be.visible');\n// 8. Add products to cart\nproductsPage.addFirstProductToCart();\nproductsPage.continueShoppingButton.click();\n// 9. Click 'Cart' button\nproductsPage.cartButton.click();\n// 10. Verify that cart page is displayed\ncy.url().should('include', '/view_cart');\n// 11. Click Proceed To Checkout\ncheckoutPage.proceedToCheckoutButton.click();\n// 12. Verify Address Details and Review Your Order\ncy.get('#address_delivery').should('be.visible');\ncy.get('#address_invoice').should('be.visible');\n// 13. Enter description in comment text area and click 'Place Order'\ncy.get('[name=\"message\"]').type('Test order comments');\ncheckoutPage.placeOrderButton.click();\n// 14. Enter payment details: Name on Card, Card Number, CVC, Expiration date\ncheckoutPage.nameOnCardInput.type('Test User');\ncheckoutPage.cardNumberInput.type('1234567890123456');\ncheckoutPage.cvcInput.type('123');\ncheckoutPage.expiryMonthInput.type('01');\ncheckoutPage.expiryYearInput.type('2026');\n// 15. Click 'Pay and Confirm Order' button\ncheckoutPage.payAndConfirmOrderButton.click();\n// 16. Verify success message 'Your order has been placed successfully!'\ncheckoutPage.orderPlacedMessage.should('be.visible');\n// 17. Click 'Delete Account' button\ncy.contains('Delete Account').click();\n// 18. Verify 'ACCOUNT DELETED!' and click 'Continue' button\nregistrationPage.accountDeletedText.should('be.visible');\nregistrationPage.continueButton.click();",
              "err": {
                "message": "TypeError: registrationPage.fillSignupForm is not a function",
                "estack": "TypeError: registrationPage.fillSignupForm is not a function\n    at Context.eval (webpack://assesstemt/./cypress/e2e/place_order_register_before_checkout.cy.ts:34:21)\n    at runnable.fn (https://automationexercise.com/__cypress/runner/cypress_runner.js:141784:19)\n    at callFn (https://automationexercise.com/__cypress/runner/cypress_runner.js:160853:21)\n    at Runnable.run (https://automationexercise.com/__cypress/runner/cypress_runner.js:160840:7)\n    at <unknown> (https://automationexercise.com/__cypress/runner/cypress_runner.js:166935:30)\n    at PassThroughHandlerContext.finallyHandler (https://automationexercise.com/__cypress/runner/cypress_runner.js:4042:23)\n    at PassThroughHandlerContext.tryCatcher (https://automationexercise.com/__cypress/runner/cypress_runner.js:1777:23)\n    at Promise._settlePromiseFromHandler (https://automationexercise.com/__cypress/runner/cypress_runner.js:1489:31)\n    at Promise._settlePromise (https://automationexercise.com/__cypress/runner/cypress_runner.js:1546:18)",
                "diff": null
              },
              "uuid": "f3c010d0-2f84-4028-b44c-51e88ff93ea1",
              "parentUUID": "ea9bbb94-c602-4f33-8acf-188b1660ec0f",
              "isHook": false,
              "skipped": false
            }
          ],
          "suites": [],
          "passes": [],
          "failures": [
            "f3c010d0-2f84-4028-b44c-51e88ff93ea1"
          ],
          "pending": [],
          "skipped": [],
          "duration": 3930,
          "root": false,
          "rootEmpty": false,
          "_timeout": 2000
        }
      ],
      "passes": [],
      "failures": [],
      "pending": [],
      "skipped": [],
      "duration": 0,
      "root": true,
      "rootEmpty": true,
      "_timeout": 2000
    }
  ],
  "meta": {
    "mocha": {
      "version": "7.2.0"
    },
    "mochawesome": {
      "options": {
        "quiet": false,
        "reportFilename": "mochawesome",
        "saveHtml": false,
        "saveJson": true,
        "consoleReporter": "spec",
        "useInlineDiffs": false,
        "code": true
      },
      "version": "7.1.3"
    },
    "marge": {
      "options": {
        "reportDir": "cypress/reports/.jsons",
        "charts": true,
        "reportPageTitle": "Kinetik QA Assessment",
        "embeddedScreenshots": true,
        "inlineAssets": true,
        "overwrite": false,
        "html": false,
        "json": true
      },
      "version": "6.2.0"
    }
  }
}