{
  "stats": {
    "suites": 1,
    "tests": 1,
    "passes": 1,
    "pending": 0,
    "failures": 0,
    "start": "2025-09-08T06:56:59.509Z",
    "end": "2025-09-08T06:57:12.680Z",
    "duration": 13171,
    "testsRegistered": 1,
    "passPercent": 100,
    "pendingPercent": 0,
    "other": 0,
    "hasOther": false,
    "skipped": 0,
    "hasSkipped": false
  },
  "results": [
    {
      "uuid": "806b1f29-2975-4ce7-8c80-397787d9b98f",
      "title": "",
      "fullFile": "cypress/e2e/search_product.cy.ts",
      "file": "cypress/e2e/search_product.cy.ts",
      "beforeHooks": [],
      "afterHooks": [],
      "tests": [],
      "suites": [
        {
          "uuid": "1e6ddf3c-979c-4365-bdae-b951a7d46cf2",
          "title": "Test Case 9: Search Product",
          "fullFile": "",
          "file": "",
          "beforeHooks": [],
          "afterHooks": [],
          "tests": [
            {
              "title": "should search for a product and verify results",
              "fullTitle": "Test Case 9: Search Product should search for a product and verify results",
              "timedOut": null,
              "duration": 12603,
              "state": "passed",
              "speed": "slow",
              "pass": true,
              "fail": false,
              "pending": false,
              "context": "{\n  \"title\": \"cypress-mochawesome-reporter-videos-passed\",\n  \"value\": \"cypress/e2e/search_product.cy.ts\"\n}",
              "code": "// 1. Launch browser\n// 2. Navigate to url 'http://automationexercise.com'\ncy.visit('/');\n// 3. Verify that home page is visible successfully\ncy.url().should('eq', 'https://automationexercise.com/');\n// 4. Click on 'Products' button\nproductsPage.productsButton.click();\n// 5. Verify user is navigated to ALL PRODUCTS page successfully\nproductsPage.allProductsText.should('be.visible');\ncy.url().should('include', '/products');\n// 6. Enter product name in search input and click search button\nvar productName = 'T-Shirt'; // Example product name\nproductsPage.searchInput.type(productName);\nproductsPage.searchButton.click();\n// 7. Verify 'SEARCHED PRODUCTS' is visible\nproductsPage.searchedProductsText.should('be.visible');\n// 8. Verify all the products related to search are visible\nproductsPage.allSearchedProducts.each(function ($el) {\n    cy.wrap($el).should('contain.text', productName);\n});",
              "err": {},
              "uuid": "09131976-50f1-4b32-a12b-666b43f029af",
              "parentUUID": "1e6ddf3c-979c-4365-bdae-b951a7d46cf2",
              "isHook": false,
              "skipped": false
            }
          ],
          "suites": [],
          "passes": [
            "09131976-50f1-4b32-a12b-666b43f029af"
          ],
          "failures": [],
          "pending": [],
          "skipped": [],
          "duration": 12603,
          "root": false,
          "rootEmpty": false,
          "_timeout": 2000
        }
      ],
      "passes": [],
      "failures": [],
      "pending": [],
      "skipped": [],
      "duration": 0,
      "root": true,
      "rootEmpty": true,
      "_timeout": 2000
    }
  ],
  "meta": {
    "mocha": {
      "version": "7.2.0"
    },
    "mochawesome": {
      "options": {
        "quiet": false,
        "reportFilename": "mochawesome",
        "saveHtml": false,
        "saveJson": true,
        "consoleReporter": "spec",
        "useInlineDiffs": false,
        "code": true
      },
      "version": "7.1.3"
    },
    "marge": {
      "options": {
        "reportDir": "cypress/reports/.jsons",
        "charts": true,
        "reportPageTitle": "Kinetik QA Assessment",
        "embeddedScreenshots": true,
        "inlineAssets": true,
        "overwrite": false,
        "html": false,
        "json": true
      },
      "version": "6.2.0"
    }
  }
}