{
  "stats": {
    "suites": 1,
    "tests": 1,
    "passes": 1,
    "pending": 0,
    "failures": 0,
    "start": "2025-09-08T05:39:17.395Z",
    "end": "2025-09-08T05:39:24.694Z",
    "duration": 7299,
    "testsRegistered": 1,
    "passPercent": 100,
    "pendingPercent": 0,
    "other": 0,
    "hasOther": false,
    "skipped": 0,
    "hasSkipped": false
  },
  "results": [
    {
      "uuid": "b7b23dae-6ec6-4682-8dee-15f513d40092",
      "title": "",
      "fullFile": "cypress/e2e/verify_product_quantity_in_cart.cy.ts",
      "file": "cypress/e2e/verify_product_quantity_in_cart.cy.ts",
      "beforeHooks": [],
      "afterHooks": [],
      "tests": [],
      "suites": [
        {
          "uuid": "a88370f6-1acb-467e-841c-9c860530197b",
          "title": "Test Case 13: Verify Product quantity in Cart",
          "fullFile": "",
          "file": "",
          "beforeHooks": [],
          "afterHooks": [],
          "tests": [
            {
              "title": "should verify product quantity in cart",
              "fullTitle": "Test Case 13: Verify Product quantity in Cart should verify product quantity in cart",
              "timedOut": null,
              "duration": 7124,
              "state": "passed",
              "speed": "medium",
              "pass": true,
              "fail": false,
              "pending": false,
              "context": "{\n  \"title\": \"cypress-mochawesome-reporter-videos-passed\",\n  \"value\": \"cypress/e2e/verify_product_quantity_in_cart.cy.ts\"\n}",
              "code": "// 1. Launch browser\n// 2. Navigate to url 'http://automationexercise.com'\ncy.visit('/');\n// 3. Verify that home page is visible successfully\ncy.url().should('eq', 'https://automationexercise.com/');\n// 4. Click 'View Product' for any product on home page\nproductsPage.viewProductButton(1).click(); // Assuming we view the first product\n// 5. Verify product detail is opened\nproductsPage.productNameDetail.should('be.visible');\nproductsPage.productPriceDetail.should('be.visible');\n// 6. Increase quantity to 4\ncy.get('#quantity').clear().type('4');\n// 7. Click 'Add to cart' button\ncy.get('button.btn.btn-default.cart').should('be.visible').click();\n// 8. Click 'View Cart' button\nproductsPage.viewCartButton.click();\n// 9. Verify that product is displayed in cart page with exact quantity\nproductsPage.productOneQuantity.should('contain.text', '4');",
              "err": {},
              "uuid": "c46f830a-5f58-4152-882d-5847bccde570",
              "parentUUID": "a88370f6-1acb-467e-841c-9c860530197b",
              "isHook": false,
              "skipped": false
            }
          ],
          "suites": [],
          "passes": [
            "c46f830a-5f58-4152-882d-5847bccde570"
          ],
          "failures": [],
          "pending": [],
          "skipped": [],
          "duration": 7124,
          "root": false,
          "rootEmpty": false,
          "_timeout": 2000
        }
      ],
      "passes": [],
      "failures": [],
      "pending": [],
      "skipped": [],
      "duration": 0,
      "root": true,
      "rootEmpty": true,
      "_timeout": 2000
    }
  ],
  "meta": {
    "mocha": {
      "version": "7.2.0"
    },
    "mochawesome": {
      "options": {
        "quiet": false,
        "reportFilename": "mochawesome",
        "saveHtml": false,
        "saveJson": true,
        "consoleReporter": "spec",
        "useInlineDiffs": false,
        "code": true
      },
      "version": "7.1.3"
    },
    "marge": {
      "options": {
        "reportDir": "cypress/reports/.jsons",
        "charts": true,
        "reportPageTitle": "Kinetik QA Assessment",
        "embeddedScreenshots": true,
        "inlineAssets": true,
        "overwrite": false,
        "html": false,
        "json": true
      },
      "version": "6.2.0"
    }
  }
}