{
  "stats": {
    "suites": 1,
    "tests": 1,
    "passes": 1,
    "pending": 0,
    "failures": 0,
    "start": "2025-09-10T13:13:46.235Z",
    "end": "2025-09-10T13:15:15.558Z",
    "duration": 89323,
    "testsRegistered": 1,
    "passPercent": 100,
    "pendingPercent": 0,
    "other": 0,
    "hasOther": false,
    "skipped": 0,
    "hasSkipped": false
  },
  "results": [
    {
      "uuid": "bf02e456-fdb0-480a-8c3a-8bc7e0ccdeb8",
      "title": "",
      "fullFile": "cypress/e2e/registration.cy.ts",
      "file": "cypress/e2e/registration.cy.ts",
      "beforeHooks": [],
      "afterHooks": [],
      "tests": [],
      "suites": [
        {
          "uuid": "a9c096e6-15c9-42b6-9182-d680733f8f48",
          "title": "Test Case 1: Register User",
          "fullFile": "",
          "file": "",
          "beforeHooks": [],
          "afterHooks": [],
          "tests": [
            {
              "title": "should register a new user",
              "fullTitle": "Test Case 1: Register User should register a new user",
              "timedOut": null,
              "duration": 89171,
              "state": "passed",
              "speed": "slow",
              "pass": true,
              "fail": false,
              "pending": false,
              "context": "{\n  \"title\": \"cypress-mochawesome-reporter-videos-passed\",\n  \"value\": \"cypress/e2e/registration.cy.ts\"\n}",
              "code": "var uniqueEmail = \"testuser_\".concat(Date.now(), \"@example.com\");\n// 1. Launch browser\n// 2. Navigate to url 'http://automationexercise.com'\ncy.visit('/');\n// 3. Verify that home page is visible successfully\ncy.url().should('eq', 'https://automationexercise.com/');\n// 4. Click on 'Signup / Login' button\nregistrationPage.signupLoginButton.click();\n// 5. Verify 'New User Signup!' is visible\nregistrationPage.newUserSignupText.should('be.visible');\n// 6. Enter name and email address\nregistrationPage.signupNameInput.type(name);\nregistrationPage.signupEmailInput.type(uniqueEmail);\n// 7. Click 'Signup' button\nregistrationPage.signupButton.click();\n// 8. Verify that 'ENTER ACCOUNT INFORMATION' is visible\nregistrationPage.enterAccountInformationText.should('be.visible');\n// 9. Fill details: Title, Name, Email, Password, Date of birth\nregistrationPage.titleRadioButton.check('Mr');\nregistrationPage.passwordInput.type('password123');\nregistrationPage.daysDropdown.select('1');\nregistrationPage.monthsDropdown.select('January');\nregistrationPage.yearsDropdown.select('1990');\n// 10. Select checkbox 'Sign up for our newsletter!'\nregistrationPage.newsletterCheckbox.check();\n// 11. Select checkbox 'Receive special offers from our partners!'\nregistrationPage.partnersCheckbox.check();\n// 12. Fill details: First name, Last name, Company, Address, Address2, Country, State, City, Zipcode, Mobile Number\nregistrationPage.firstNameInput.type('Test');\nregistrationPage.lastNameInput.type('User');\nregistrationPage.companyInput.type('Test Company');\nregistrationPage.address1Input.type('123 Test Street');\nregistrationPage.address2Input.type('Apt 4B');\nregistrationPage.countryDropdown.select('United States');\nregistrationPage.stateInput.type('New York');\nregistrationPage.cityInput.type('New York');\nregistrationPage.zipcodeInput.type('10001');\nregistrationPage.mobileNumberInput.type('1234567890');\n// 13. Click 'Create Account button'\nregistrationPage.createAccountButton.click();\n// 14. Verify that 'ACCOUNT CREATED!' is visible\nregistrationPage.accountCreatedText.should('be.visible');\n// 15. Click 'Continue' button\nregistrationPage.continueButton.click();\n// 16. Verify that 'Logged in as username' is visible\nregistrationPage.loggedInAsText.should('be.visible').and('contain', name);\n// 17. Click 'Delete Account' button\nregistrationPage.deleteAccountButton.click();\n// 18. Verify that 'ACCOUNT DELETED!' is visible and click 'Continue' button\nregistrationPage.accountDeletedText.should('be.visible');\nregistrationPage.continueButton.click();",
              "err": {},
              "uuid": "38d5a675-9289-4a89-9300-08983b34c519",
              "parentUUID": "a9c096e6-15c9-42b6-9182-d680733f8f48",
              "isHook": false,
              "skipped": false
            }
          ],
          "suites": [],
          "passes": [
            "38d5a675-9289-4a89-9300-08983b34c519"
          ],
          "failures": [],
          "pending": [],
          "skipped": [],
          "duration": 89171,
          "root": false,
          "rootEmpty": false,
          "_timeout": 2000
        }
      ],
      "passes": [],
      "failures": [],
      "pending": [],
      "skipped": [],
      "duration": 0,
      "root": true,
      "rootEmpty": true,
      "_timeout": 2000
    }
  ],
  "meta": {
    "mocha": {
      "version": "7.2.0"
    },
    "mochawesome": {
      "options": {
        "quiet": false,
        "reportFilename": "mochawesome",
        "saveHtml": false,
        "saveJson": true,
        "consoleReporter": "spec",
        "useInlineDiffs": false,
        "code": true
      },
      "version": "7.1.3"
    },
    "marge": {
      "options": {
        "reportDir": "cypress/reports/.jsons",
        "charts": true,
        "reportPageTitle": "Kinetik QA Assessment",
        "embeddedScreenshots": true,
        "inlineAssets": true,
        "overwrite": false,
        "html": false,
        "json": true
      },
      "version": "6.2.0"
    }
  }
}