{
  "stats": {
    "suites": 1,
    "tests": 1,
    "passes": 1,
    "pending": 0,
    "failures": 0,
    "start": "2025-09-10T11:39:31.971Z",
    "end": "2025-09-10T11:39:49.017Z",
    "duration": 17046,
    "testsRegistered": 1,
    "passPercent": 100,
    "pendingPercent": 0,
    "other": 0,
    "hasOther": false,
    "skipped": 0,
    "hasSkipped": false
  },
  "results": [
    {
      "uuid": "0c88d13c-798e-48d5-b1c9-8abdd0d5b116",
      "title": "",
      "fullFile": "cypress/e2e/purchase_flow.cy.ts",
      "file": "cypress/e2e/purchase_flow.cy.ts",
      "beforeHooks": [],
      "afterHooks": [],
      "tests": [],
      "suites": [
        {
          "uuid": "43d0bc64-09d3-4235-88b2-c8626fc5528e",
          "title": "End-to-End Purchase Flow",
          "fullFile": "",
          "file": "",
          "beforeHooks": [],
          "afterHooks": [],
          "tests": [
            {
              "title": "should complete the purchase flow",
              "fullTitle": "End-to-End Purchase Flow should complete the purchase flow",
              "timedOut": null,
              "duration": 16822,
              "state": "passed",
              "speed": "slow",
              "pass": true,
              "fail": false,
              "pending": false,
              "context": "{\n  \"title\": \"cypress-mochawesome-reporter-videos-passed\",\n  \"value\": \"cypress/e2e/purchase_flow.cy.ts\"\n}",
              "code": "// UI Login\ncy.visit('/login');\nloginPage.login(this.user.email, this.user.password);\ncy.contains('Logged in as').should('be.visible');\n// Add products to cart\nproductsPage.addFirstProductToCart();\ncy.get('.modal-footer button').click();\nproductsPage.addSecondProductToCart('Men Tshirt');\ncy.get('.modal-body a[href=\"/view_cart\"]').click({ force: true });\n// Proceed to checkout\ncheckoutPage.proceedToCheckoutButton.click();\ncy.get('#address_delivery').should('be.visible');\ncy.get('[name=\"message\"]').type('Test order');\ncheckoutPage.placeOrderButton.click();\n// Complete order\ncy.url().should('include', '/payment');\ncheckoutPage.nameOnCardInput.should('be.visible').type('Test User');\ncheckoutPage.cardNumberInput.type('1234567890123456');\ncheckoutPage.cvcInput.type('123');\ncheckoutPage.expiryMonthInput.type('01');\ncheckoutPage.expiryYearInput.type('2026');\ncheckoutPage.payAndConfirmOrderButton.click();\n// Verify order placement\ncheckoutPage.orderPlacedMessage.should('be.visible');\ncy.url().should('include', '/payment_done');\n// Download invoice\ncheckoutPage.downloadInvoiceButton.click();\n// Verify invoice file\ncy.readFile('cypress/downloads/invoice.txt').should('have.length.gt', 0);",
              "err": {},
              "uuid": "304389a0-c3c4-4a26-b443-b572bb49dad9",
              "parentUUID": "43d0bc64-09d3-4235-88b2-c8626fc5528e",
              "isHook": false,
              "skipped": false
            }
          ],
          "suites": [],
          "passes": [
            "304389a0-c3c4-4a26-b443-b572bb49dad9"
          ],
          "failures": [],
          "pending": [],
          "skipped": [],
          "duration": 16822,
          "root": false,
          "rootEmpty": false,
          "_timeout": 2000
        }
      ],
      "passes": [],
      "failures": [],
      "pending": [],
      "skipped": [],
      "duration": 0,
      "root": true,
      "rootEmpty": true,
      "_timeout": 2000
    }
  ],
  "meta": {
    "mocha": {
      "version": "7.2.0"
    },
    "mochawesome": {
      "options": {
        "quiet": false,
        "reportFilename": "mochawesome",
        "saveHtml": false,
        "saveJson": true,
        "consoleReporter": "spec",
        "useInlineDiffs": false,
        "code": true
      },
      "version": "7.1.3"
    },
    "marge": {
      "options": {
        "reportDir": "cypress/reports/.jsons",
        "charts": true,
        "reportPageTitle": "Kinetik QA Assessment",
        "embeddedScreenshots": true,
        "inlineAssets": true,
        "overwrite": false,
        "html": false,
        "json": true
      },
      "version": "6.2.0"
    }
  }
}