{
  "stats": {
    "suites": 1,
    "tests": 1,
    "passes": 1,
    "pending": 0,
    "failures": 0,
    "start": "2025-09-08T05:35:03.666Z",
    "end": "2025-09-08T05:35:18.212Z",
    "duration": 14546,
    "testsRegistered": 1,
    "passPercent": 100,
    "pendingPercent": 0,
    "other": 0,
    "hasOther": false,
    "skipped": 0,
    "hasSkipped": false
  },
  "results": [
    {
      "uuid": "4a89fd7c-0d44-4b25-a3f2-71563c970913",
      "title": "",
      "fullFile": "cypress/e2e/logout.cy.ts",
      "file": "cypress/e2e/logout.cy.ts",
      "beforeHooks": [],
      "afterHooks": [],
      "tests": [],
      "suites": [
        {
          "uuid": "31aa34de-16ec-4149-ac8a-4e1e8e60c6cc",
          "title": "Test Case 4: Logout User",
          "fullFile": "",
          "file": "",
          "beforeHooks": [],
          "afterHooks": [],
          "tests": [
            {
              "title": "should logout a user",
              "fullTitle": "Test Case 4: Logout User should logout a user",
              "timedOut": null,
              "duration": 14384,
              "state": "passed",
              "speed": "slow",
              "pass": true,
              "fail": false,
              "pending": false,
              "context": "{\n  \"title\": \"cypress-mochawesome-reporter-videos-passed\",\n  \"value\": \"cypress/e2e/logout.cy.ts\"\n}",
              "code": "// 1. Launch browser\n// 2. Navigate to url 'http://automationexercise.com'\ncy.visit('/');\n// 3. Verify that home page is visible successfully\ncy.url().should('eq', 'https://automationexercise.com/');\n// 4. Click on 'Signup / Login' button\nregistrationPage.signupLoginButton.click();\n// 5. Verify 'Login to your account' is visible\nloginPage.loginToYourAccountText.should('be.visible');\ncy.fixture('user_credentials.json').then(function (credentials) {\n    // 6. Enter correct email address and password\n    loginPage.login(credentials.email, credentials.password);\n});\n// 7. Click 'login' button is handled by loginPage.login\n// 8. Verify that 'Logged in as username' is visible\ncy.fixture('user_credentials.json').then(function (credentials) {\n    registrationPage.loggedInAsText.should('be.visible').and('contain', credentials.name);\n});\n// 9. Click 'Logout' button\nregistrationPage.logoutButton.click();\n// 10. Verify that user is navigated to login page\ncy.url().should('include', '/login');",
              "err": {},
              "uuid": "dcbea5da-6985-4ce4-ae8b-4f348ad7ed69",
              "parentUUID": "31aa34de-16ec-4149-ac8a-4e1e8e60c6cc",
              "isHook": false,
              "skipped": false
            }
          ],
          "suites": [],
          "passes": [
            "dcbea5da-6985-4ce4-ae8b-4f348ad7ed69"
          ],
          "failures": [],
          "pending": [],
          "skipped": [],
          "duration": 14384,
          "root": false,
          "rootEmpty": false,
          "_timeout": 2000
        }
      ],
      "passes": [],
      "failures": [],
      "pending": [],
      "skipped": [],
      "duration": 0,
      "root": true,
      "rootEmpty": true,
      "_timeout": 2000
    }
  ],
  "meta": {
    "mocha": {
      "version": "7.2.0"
    },
    "mochawesome": {
      "options": {
        "quiet": false,
        "reportFilename": "mochawesome",
        "saveHtml": false,
        "saveJson": true,
        "consoleReporter": "spec",
        "useInlineDiffs": false,
        "code": true
      },
      "version": "7.1.3"
    },
    "marge": {
      "options": {
        "reportDir": "cypress/reports/.jsons",
        "charts": true,
        "reportPageTitle": "Kinetik QA Assessment",
        "embeddedScreenshots": true,
        "inlineAssets": true,
        "overwrite": false,
        "html": false,
        "json": true
      },
      "version": "6.2.0"
    }
  }
}