{
  "stats": {
    "suites": 1,
    "tests": 2,
    "passes": 2,
    "pending": 0,
    "failures": 0,
    "start": "2025-09-11T09:44:37.120Z",
    "end": "2025-09-11T09:44:59.465Z",
    "duration": 22345,
    "testsRegistered": 2,
    "passPercent": 100,
    "pendingPercent": 0,
    "other": 0,
    "hasOther": false,
    "skipped": 0,
    "hasSkipped": false
  },
  "results": [
    {
      "uuid": "6e1c1eff-1c98-45be-9d42-36f6bbc69b62",
      "title": "",
      "fullFile": "cypress/e2e/add_products_to_cart.cy.ts",
      "file": "cypress/e2e/add_products_to_cart.cy.ts",
      "beforeHooks": [],
      "afterHooks": [],
      "tests": [],
      "suites": [
        {
          "uuid": "4e113251-f388-4119-a2a5-e51e28e6d2d0",
          "title": "Test Case 12: Add Products in Cart",
          "fullFile": "",
          "file": "",
          "beforeHooks": [],
          "afterHooks": [],
          "tests": [
            {
              "title": "should add products to cart and verify details",
              "fullTitle": "Test Case 12: Add Products in Cart should add products to cart and verify details",
              "timedOut": null,
              "duration": 13770,
              "state": "passed",
              "speed": "slow",
              "pass": true,
              "fail": false,
              "pending": false,
              "context": "{\n  \"title\": \"cypress-mochawesome-reporter-videos-passed\",\n  \"value\": \"cypress/e2e/add_products_to_cart.cy.ts\"\n}",
              "code": "// 1. Launch browser\n// 2. Navigate to url 'http://automationexercise.com'\ncy.visit('/');\n// 3. Verify that home page is visible successfully\ncy.url().should('eq', 'https://automationexercise.com/');\n// 4. Click 'Products' button\nproductsPage.productsButton.click();\n// 5. Hover over first product and click 'Add to cart'\nproductsPage.addFirstProductToCart();\n// 6. Click 'Continue Shopping' button\nproductsPage.continueShoppingButton.click();\n// 7. Hover over second product and click 'Add to cart'\nproductsPage.addSecondProductToCart('Men Tshirt');\ncy.wait(500);\n// 8. Click 'View Cart' button\nproductsPage.viewCartButton.click();\n// 9. Verify both products are added to Cart\nproductsPage.productOneInCart.should('be.visible');\nproductsPage.productTwoInCart.should('be.visible');\n// 10. Verify their prices, quantity and total price\nproductsPage.productOnePrice.should('be.visible');\nproductsPage.productOneQuantity.should('contain.text', '1'); // Assuming quantity is 1 by default\nproductsPage.productOneTotalPrice.should('be.visible');\nproductsPage.productTwoPrice.should('be.visible');\nproductsPage.productTwoQuantity.should('contain.text', '1'); // Assuming quantity is 1 by default\nproductsPage.productTwoTotalPrice.should('be.visible');",
              "err": {},
              "uuid": "4bd464e0-9c92-4c57-968c-979363c5c616",
              "parentUUID": "4e113251-f388-4119-a2a5-e51e28e6d2d0",
              "isHook": false,
              "skipped": false
            },
            {
              "title": "should remove products from cart",
              "fullTitle": "Test Case 12: Add Products in Cart should remove products from cart",
              "timedOut": null,
              "duration": 8182,
              "state": "passed",
              "speed": "medium",
              "pass": true,
              "fail": false,
              "pending": false,
              "context": "{\n  \"title\": \"cypress-mochawesome-reporter-videos-passed\",\n  \"value\": \"cypress/e2e/add_products_to_cart.cy.ts\"\n}",
              "code": "// 1. Launch browser\n// 2. Navigate to url 'http://automationexercise.com'\ncy.visit('/');\n// 3. Verify that home page is visible successfully\ncy.url().should('eq', 'https://automationexercise.com/');\n// 4. Click 'Products' button\nproductsPage.productsButton.click();\n// 5. Hover over first product and click 'Add to cart'\nproductsPage.addFirstProductToCart();\n// 6. Click 'View Cart' button\nproductsPage.viewCartButton.click();\n// 7. Verify product is added to Cart\nproductsPage.productOneInCart.should('be.visible');\n// 8. Click 'X' button corresponding to particular product\nproductsPage.getRemoveFromCartButton(0).click();\n// 9. Verify that product is removed from the cart\nproductsPage.cartEmptyMessage.should('be.visible');",
              "err": {},
              "uuid": "a97a1ee9-e54f-4862-ab3b-771feed8920a",
              "parentUUID": "4e113251-f388-4119-a2a5-e51e28e6d2d0",
              "isHook": false,
              "skipped": false
            }
          ],
          "suites": [],
          "passes": [
            "4bd464e0-9c92-4c57-968c-979363c5c616",
            "a97a1ee9-e54f-4862-ab3b-771feed8920a"
          ],
          "failures": [],
          "pending": [],
          "skipped": [],
          "duration": 21952,
          "root": false,
          "rootEmpty": false,
          "_timeout": 2000
        }
      ],
      "passes": [],
      "failures": [],
      "pending": [],
      "skipped": [],
      "duration": 0,
      "root": true,
      "rootEmpty": true,
      "_timeout": 2000
    }
  ],
  "meta": {
    "mocha": {
      "version": "7.2.0"
    },
    "mochawesome": {
      "options": {
        "quiet": false,
        "reportFilename": "mochawesome",
        "saveHtml": false,
        "saveJson": true,
        "consoleReporter": "spec",
        "useInlineDiffs": false,
        "code": true
      },
      "version": "7.1.3"
    },
    "marge": {
      "options": {
        "reportDir": "cypress/reports/.jsons",
        "overwrite": false,
        "html": false,
        "json": true,
        "charts": true,
        "reportPageTitle": "Kinetik QA Assessment",
        "embeddedScreenshots": true,
        "inlineAssets": true,
        "saveAllAttempts": true
      },
      "version": "6.2.0"
    }
  }
}