{
  "stats": {
    "suites": 1,
    "tests": 1,
    "passes": 1,
    "pending": 0,
    "failures": 0,
    "start": "2025-09-08T06:54:38.391Z",
    "end": "2025-09-08T06:54:49.088Z",
    "duration": 10697,
    "testsRegistered": 1,
    "passPercent": 100,
    "pendingPercent": 0,
    "other": 0,
    "hasOther": false,
    "skipped": 0,
    "hasSkipped": false
  },
  "results": [
    {
      "uuid": "a211514e-16bb-4e60-b093-0cd3f0d9ae94",
      "title": "",
      "fullFile": "cypress/e2e/products_page.cy.ts",
      "file": "cypress/e2e/products_page.cy.ts",
      "beforeHooks": [],
      "afterHooks": [],
      "tests": [],
      "suites": [
        {
          "uuid": "b4d6a73d-cff9-4358-ad46-be5df2d6fbb4",
          "title": "Test Case 8: Verify All Products and product detail page",
          "fullFile": "",
          "file": "",
          "beforeHooks": [],
          "afterHooks": [],
          "tests": [
            {
              "title": "should verify all products and product detail page",
              "fullTitle": "Test Case 8: Verify All Products and product detail page should verify all products and product detail page",
              "timedOut": null,
              "duration": 10320,
              "state": "passed",
              "speed": "slow",
              "pass": true,
              "fail": false,
              "pending": false,
              "context": "{\n  \"title\": \"cypress-mochawesome-reporter-videos-passed\",\n  \"value\": \"cypress/e2e/products_page.cy.ts\"\n}",
              "code": "// 1. Launch browser\n// 2. Navigate to url 'http://automationexercise.com'\ncy.visit('/');\n// 3. Verify that home page is visible successfully\ncy.url().should('eq', 'https://automationexercise.com/');\n// 4. Click on 'Products' button\nproductsPage.productsButton.click();\n// 5. Verify user is navigated to ALL PRODUCTS page successfully\nproductsPage.allProductsText.should('be.visible');\ncy.url().should('include', '/products');\n// 6. The products list is visible\nproductsPage.productsList.should('be.visible');\n// 7. Click on 'View Product' of first product\nproductsPage.viewProductButton(1).click();\n// 8. User is landed to product detail page\ncy.url().should('include', '/product_details');\n// 9. Verify that detail detail is visible: product name, category, price, availability, condition, brand\nproductsPage.productNameDetail.should('be.visible');\nproductsPage.productCategoryDetail.should('be.visible');\nproductsPage.productPriceDetail.should('be.visible');\nproductsPage.productAvailabilityDetail.should('be.visible');\nproductsPage.productConditionDetail.should('be.visible');\nproductsPage.productBrandDetail.should('be.visible');",
              "err": {},
              "uuid": "e8779e83-6d3a-479e-8212-f3f25c3c8bb6",
              "parentUUID": "b4d6a73d-cff9-4358-ad46-be5df2d6fbb4",
              "isHook": false,
              "skipped": false
            }
          ],
          "suites": [],
          "passes": [
            "e8779e83-6d3a-479e-8212-f3f25c3c8bb6"
          ],
          "failures": [],
          "pending": [],
          "skipped": [],
          "duration": 10320,
          "root": false,
          "rootEmpty": false,
          "_timeout": 2000
        }
      ],
      "passes": [],
      "failures": [],
      "pending": [],
      "skipped": [],
      "duration": 0,
      "root": true,
      "rootEmpty": true,
      "_timeout": 2000
    }
  ],
  "meta": {
    "mocha": {
      "version": "7.2.0"
    },
    "mochawesome": {
      "options": {
        "quiet": false,
        "reportFilename": "mochawesome",
        "saveHtml": false,
        "saveJson": true,
        "consoleReporter": "spec",
        "useInlineDiffs": false,
        "code": true
      },
      "version": "7.1.3"
    },
    "marge": {
      "options": {
        "reportDir": "cypress/reports/.jsons",
        "charts": true,
        "reportPageTitle": "Kinetik QA Assessment",
        "embeddedScreenshots": true,
        "inlineAssets": true,
        "overwrite": false,
        "html": false,
        "json": true
      },
      "version": "6.2.0"
    }
  }
}