{
  "stats": {
    "suites": 1,
    "tests": 1,
    "passes": 1,
    "pending": 0,
    "failures": 0,
    "start": "2025-09-08T09:45:02.117Z",
    "end": "2025-09-08T09:45:09.889Z",
    "duration": 7772,
    "testsRegistered": 1,
    "passPercent": 100,
    "pendingPercent": 0,
    "other": 0,
    "hasOther": false,
    "skipped": 0,
    "hasSkipped": false
  },
  "results": [
    {
      "uuid": "a9d85f3b-4a4b-4c08-9353-fdbcbbd53065",
      "title": "",
      "fullFile": "cypress/e2e/add_to_cart_from_recommended.cy.ts",
      "file": "cypress/e2e/add_to_cart_from_recommended.cy.ts",
      "beforeHooks": [],
      "afterHooks": [],
      "tests": [],
      "suites": [
        {
          "uuid": "5ad82db2-bc06-4c63-a080-6efd9522d1cc",
          "title": "Add to cart from Recommended items",
          "fullFile": "",
          "file": "",
          "beforeHooks": [],
          "afterHooks": [],
          "tests": [
            {
              "title": "should add a product to the cart from the recommended items section",
              "fullTitle": "Add to cart from Recommended items should add a product to the cart from the recommended items section",
              "timedOut": null,
              "duration": 7547,
              "state": "passed",
              "speed": "medium",
              "pass": true,
              "fail": false,
              "pending": false,
              "context": "{\n  \"title\": \"cypress-mochawesome-reporter-videos-passed\",\n  \"value\": \"cypress/e2e/add_to_cart_from_recommended.cy.ts\"\n}",
              "code": "cy.visit('http://automationexercise.com');\ncy.scrollTo('bottom');\nHomePage_1.default.getRecommendedItems().should('be.visible');\nHomePage_1.default.getAddToCartFromRecommended().first().click({ force: true });\nProductsPage_1.default.viewCartButton.click();\ncy.get('#cart_info_table').should('be.visible');",
              "err": {},
              "uuid": "2ed34976-c02d-446b-af2c-07874d0e8747",
              "parentUUID": "5ad82db2-bc06-4c63-a080-6efd9522d1cc",
              "isHook": false,
              "skipped": false
            }
          ],
          "suites": [],
          "passes": [
            "2ed34976-c02d-446b-af2c-07874d0e8747"
          ],
          "failures": [],
          "pending": [],
          "skipped": [],
          "duration": 7547,
          "root": false,
          "rootEmpty": false,
          "_timeout": 2000
        }
      ],
      "passes": [],
      "failures": [],
      "pending": [],
      "skipped": [],
      "duration": 0,
      "root": true,
      "rootEmpty": true,
      "_timeout": 2000
    }
  ],
  "meta": {
    "mocha": {
      "version": "7.2.0"
    },
    "mochawesome": {
      "options": {
        "quiet": false,
        "reportFilename": "mochawesome",
        "saveHtml": false,
        "saveJson": true,
        "consoleReporter": "spec",
        "useInlineDiffs": false,
        "code": true
      },
      "version": "7.1.3"
    },
    "marge": {
      "options": {
        "reportDir": "cypress/reports/.jsons",
        "charts": true,
        "reportPageTitle": "Kinetik QA Assessment",
        "embeddedScreenshots": true,
        "inlineAssets": true,
        "overwrite": false,
        "html": false,
        "json": true
      },
      "version": "6.2.0"
    }
  }
}