{
  "stats": {
    "suites": 1,
    "tests": 1,
    "passes": 1,
    "pending": 0,
    "failures": 0,
    "start": "2025-09-06T10:24:01.800Z",
    "end": "2025-09-06T10:24:18.864Z",
    "duration": 17064,
    "testsRegistered": 1,
    "passPercent": 100,
    "pendingPercent": 0,
    "other": 0,
    "hasOther": false,
    "skipped": 0,
    "hasSkipped": false
  },
  "results": [
    {
      "uuid": "9e1dd2ac-871e-4a68-9efd-7f07e91b2b9b",
      "title": "",
      "fullFile": "cypress/e2e/z_login.cy.ts",
      "file": "cypress/e2e/z_login.cy.ts",
      "beforeHooks": [],
      "afterHooks": [],
      "tests": [],
      "suites": [
        {
          "uuid": "1747ad4f-c8f9-40fe-997b-bf5c7304b214",
          "title": "Test Case 2: Login User with correct email and password",
          "fullFile": "",
          "file": "",
          "beforeHooks": [],
          "afterHooks": [],
          "tests": [
            {
              "title": "should login with correct credentials",
              "fullTitle": "Test Case 2: Login User with correct email and password should login with correct credentials",
              "timedOut": null,
              "duration": 16867,
              "state": "passed",
              "speed": "slow",
              "pass": true,
              "fail": false,
              "pending": false,
              "context": "{\n  \"title\": \"cypress-mochawesome-reporter-videos-passed\",\n  \"value\": \"cypress/e2e/z_login.cy.ts\"\n}",
              "code": "// 1. Launch browser\n// 2. Navigate to url 'http://automationexercise.com'\ncy.visit('/');\n// 3. Verify that home page is visible successfully\ncy.url().should('eq', 'https://automationexercise.com/');\n// 4. Click on 'Signup / Login' button\nregistrationPage.signupLoginButton.click();\n// 5. Verify 'Login to your account' is visible\nloginPage.loginToYourAccountText.should('be.visible');\ncy.fixture('user_credentials.json').then(function (credentials) {\n    // 6. Enter correct email address and password\n    loginPage.login(credentials.email, credentials.password);\n});\n// 7. Click 'login' button is handled by loginPage.login\n// 8. Verify that 'Logged in as username' is visible\ncy.fixture('user_credentials.json').then(function (credentials) {\n    registrationPage.loggedInAsText.should('be.visible').and('contain', credentials.name);\n});\n// 9. Click 'Delete Account' button\nregistrationPage.deleteAccountButton.click();\n// 10. Verify that 'ACCOUNT DELETED!' is visible\nregistrationPage.accountDeletedText.should('be.visible');",
              "err": {},
              "uuid": "af047d2f-8847-45a5-8cf0-0d573dae788d",
              "parentUUID": "1747ad4f-c8f9-40fe-997b-bf5c7304b214",
              "isHook": false,
              "skipped": false
            }
          ],
          "suites": [],
          "passes": [
            "af047d2f-8847-45a5-8cf0-0d573dae788d"
          ],
          "failures": [],
          "pending": [],
          "skipped": [],
          "duration": 16867,
          "root": false,
          "rootEmpty": false,
          "_timeout": 2000
        }
      ],
      "passes": [],
      "failures": [],
      "pending": [],
      "skipped": [],
      "duration": 0,
      "root": true,
      "rootEmpty": true,
      "_timeout": 2000
    }
  ],
  "meta": {
    "mocha": {
      "version": "7.2.0"
    },
    "mochawesome": {
      "options": {
        "quiet": false,
        "reportFilename": "mochawesome",
        "saveHtml": false,
        "saveJson": true,
        "consoleReporter": "spec",
        "useInlineDiffs": false,
        "code": true
      },
      "version": "7.1.3"
    },
    "marge": {
      "options": {
        "reportDir": "cypress/reports/.jsons",
        "charts": true,
        "reportPageTitle": "Kinetik QA Assessment",
        "embeddedScreenshots": true,
        "inlineAssets": true,
        "overwrite": false,
        "html": false,
        "json": true
      },
      "version": "6.2.0"
    }
  }
}