{
  "stats": {
    "suites": 1,
    "tests": 1,
    "passes": 1,
    "pending": 0,
    "failures": 0,
    "start": "2025-09-05T17:23:49.137Z",
    "end": "2025-09-05T17:24:12.735Z",
    "duration": 23598,
    "testsRegistered": 1,
    "passPercent": 100,
    "pendingPercent": 0,
    "other": 0,
    "hasOther": false,
    "skipped": 0,
    "hasSkipped": false
  },
  "results": [
    {
      "uuid": "f99c5d8c-92df-4fc0-9032-053bf361962b",
      "title": "",
      "fullFile": "cypress/e2e/purchase_flow.cy.ts",
      "file": "cypress/e2e/purchase_flow.cy.ts",
      "beforeHooks": [],
      "afterHooks": [],
      "tests": [],
      "suites": [
        {
          "uuid": "f48caf91-093d-4eda-a241-c4b530931847",
          "title": "End-to-End Purchase Flow",
          "fullFile": "",
          "file": "",
          "beforeHooks": [],
          "afterHooks": [],
          "tests": [
            {
              "title": "should complete the purchase flow",
              "fullTitle": "End-to-End Purchase Flow should complete the purchase flow",
              "timedOut": null,
              "duration": 23294,
              "state": "passed",
              "speed": "slow",
              "pass": true,
              "fail": false,
              "pending": false,
              "context": "{\n  \"title\": \"cypress-mochawesome-reporter-videos-passed\",\n  \"value\": \"cypress/e2e/purchase_flow.cy.ts\"\n}",
              "code": "cy.fixture('user_credentials.json').then(function (credentials) {\n    // UI Login\n    cy.visit('/login');\n    loginPage.login(credentials.email, credentials.password);\n    cy.contains('Logged in as').should('be.visible');\n    // Add products to cart\n    productsPage.addFirstProductToCart();\n    cy.get('.modal-footer button').click();\n    productsPage.addSecondProductToCart('Men Tshirt');\n    cy.get('.modal-body a[href=\"/view_cart\"]').click({ force: true });\n    // Proceed to checkout\n    checkoutPage.proceedToCheckoutButton.click();\n    cy.get('#address_delivery').should('be.visible');\n    cy.get('[name=\"message\"]').type('Test order');\n    checkoutPage.placeOrderButton.click();\n    // Complete order\n    cy.url().should('include', '/payment');\n    checkoutPage.nameOnCardInput.should('be.visible').type('Test User');\n    checkoutPage.cardNumberInput.type('1234567890123456');\n    checkoutPage.cvcInput.type('123');\n    checkoutPage.expiryMonthInput.type('01');\n    checkoutPage.expiryYearInput.type('2026');\n    checkoutPage.payAndConfirmOrderButton.click();\n    // Verify order placement\n    checkoutPage.orderPlacedMessage.should('be.visible');\n    cy.url().should('include', '/payment_done');\n    // Download invoice\n    checkoutPage.downloadInvoiceButton.click();\n    // Verify invoice file\n    cy.readFile('cypress/downloads/invoice.txt').should('have.length.gt', 0);\n});",
              "err": {},
              "uuid": "d3e8f5fa-7ef6-47d9-b52c-fa4ef357b8f2",
              "parentUUID": "f48caf91-093d-4eda-a241-c4b530931847",
              "isHook": false,
              "skipped": false
            }
          ],
          "suites": [],
          "passes": [
            "d3e8f5fa-7ef6-47d9-b52c-fa4ef357b8f2"
          ],
          "failures": [],
          "pending": [],
          "skipped": [],
          "duration": 23294,
          "root": false,
          "rootEmpty": false,
          "_timeout": 2000
        }
      ],
      "passes": [],
      "failures": [],
      "pending": [],
      "skipped": [],
      "duration": 0,
      "root": true,
      "rootEmpty": true,
      "_timeout": 2000
    }
  ],
  "meta": {
    "mocha": {
      "version": "7.2.0"
    },
    "mochawesome": {
      "options": {
        "quiet": false,
        "reportFilename": "mochawesome",
        "saveHtml": false,
        "saveJson": true,
        "consoleReporter": "spec",
        "useInlineDiffs": false,
        "code": true
      },
      "version": "7.1.3"
    },
    "marge": {
      "options": {
        "reportDir": "cypress/reports/.jsons",
        "charts": true,
        "reportPageTitle": "Kinetik QA Assessment",
        "embeddedScreenshots": true,
        "inlineAssets": true,
        "overwrite": false,
        "html": false,
        "json": true
      },
      "version": "6.2.0"
    }
  }
}